{"message":"Database connection established","context":{},"level":200,"level_name":"INFO","channel":"growhub","datetime":"2025-10-23T19:14:41.602251+00:00","extra":{}}
{"message":"Admin logged in","context":{"admin_id":1,"email":"admin@growhub.com"},"level":200,"level_name":"INFO","channel":"growhub","datetime":"2025-10-23T19:14:41.665448+00:00","extra":{}}
{"message":"Database connection established","context":{},"level":200,"level_name":"INFO","channel":"growhub","datetime":"2025-10-23T19:15:38.826507+00:00","extra":{}}
{"message":"Admin logged in","context":{"admin_id":1,"email":"admin@growhub.com"},"level":200,"level_name":"INFO","channel":"growhub","datetime":"2025-10-23T19:15:38.882156+00:00","extra":{}}
{"message":"Database connection established","context":{},"level":200,"level_name":"INFO","channel":"growhub","datetime":"2025-10-23T19:17:13.711925+00:00","extra":{}}
{"message":"Company created by superadmin","context":{"company_id":5,"company_name":"Grow V2","admin_id":null},"level":200,"level_name":"INFO","channel":"growhub","datetime":"2025-10-23T19:17:13.725924+00:00","extra":{}}
{"message":"RabbitMQ connection established","context":{},"level":200,"level_name":"INFO","channel":"growhub","datetime":"2025-10-23T19:17:13.753446+00:00","extra":{}}
{"message":"Company queues created successfully","context":{"company_id":5},"level":200,"level_name":"INFO","channel":"growhub","datetime":"2025-10-23T19:17:13.845430+00:00","extra":{}}
{"message":"Company queues created","context":{"company_id":5},"level":200,"level_name":"INFO","channel":"growhub","datetime":"2025-10-23T19:17:13.846888+00:00","extra":{}}
{"message":"Database connection established","context":{},"level":200,"level_name":"INFO","channel":"growhub","datetime":"2025-10-23T19:18:44.334799+00:00","extra":{}}
{"message":"Database connection established","context":{},"level":200,"level_name":"INFO","channel":"growhub","datetime":"2025-10-23T19:43:30.340564+00:00","extra":{}}
{"message":"Database connection established","context":{},"level":200,"level_name":"INFO","channel":"growhub","datetime":"2025-10-23T19:44:12.712170+00:00","extra":{}}
{"message":"Database connection established","context":{},"level":200,"level_name":"INFO","channel":"growhub","datetime":"2025-10-23T19:44:21.292605+00:00","extra":{}}
{"message":"Failed to add message to outbox","context":{"queue":"messaging.outbound.exchange","error":"There is already an active transaction"},"level":400,"level_name":"ERROR","channel":"growhub","datetime":"2025-10-23T19:44:21.322528+00:00","extra":{}}
{"message":"Uncaught exception","context":{"error":"There is no active transaction","file":"/var/www/html/src/Utils/Database.php","line":52,"trace":"#0 /var/www/html/src/Utils/Database.php(52): PDO->rollBack()\n#1 /var/www/html/src/Controllers/SendController.php(104): App\\Utils\\Database::rollback()\n#2 [internal function]: App\\Controllers\\SendController::sendText()\n#3 /var/www/html/src/Utils/Router.php(79): call_user_func_array(Array, Array)\n#4 /var/www/html/public/index.php(212): App\\Utils\\Router->dispatch()\n#5 {main}"},"level":500,"level_name":"CRITICAL","channel":"growhub","datetime":"2025-10-23T19:44:21.324057+00:00","extra":{}}
{"message":"Database connection established","context":{},"level":200,"level_name":"INFO","channel":"growhub","datetime":"2025-10-23T19:45:05.282591+00:00","extra":{}}
{"message":"Message added to outbox","context":{"queue":"messaging.outbound.exchange","routing_key":"company.1.priority.normal"},"level":200,"level_name":"INFO","channel":"growhub","datetime":"2025-10-23T19:45:05.312221+00:00","extra":{}}
{"message":"Texto enfileirado para envio","context":{"message_id":2,"instance_id":8,"number":"5511999999999"},"level":200,"level_name":"INFO","channel":"growhub","datetime":"2025-10-23T19:45:05.313383+00:00","extra":{}}
{"message":"Database connection established","context":{},"level":200,"level_name":"INFO","channel":"growhub","datetime":"2025-10-23T19:53:28.307620+00:00","extra":{}}
{"message":"Message added to outbox","context":{"queue":"messaging.outbound.exchange","routing_key":"company.1.priority.normal"},"level":200,"level_name":"INFO","channel":"growhub","datetime":"2025-10-23T19:53:28.337071+00:00","extra":{}}
{"message":"Mídia enfileirada para envio","context":{"message_id":3,"instance_id":8,"type":"image","number":"5511999999999"},"level":200,"level_name":"INFO","channel":"growhub","datetime":"2025-10-23T19:53:28.338397+00:00","extra":{}}
