{"message":"Uncaught exception","context":{"error":"App\\Utils\\Router::post(): Argument #2 ($handler) must be of type callable, array given, called in /var/www/html/public/index.php on line 113","file":"/var/www/html/src/Utils/Router.php","line":20,"trace":"#0 /var/www/html/public/index.php(113): App\\Utils\\Router->post('/instance/conne...', Array)\n#1 {main}"},"level":500,"level_name":"CRITICAL","channel":"growhub","datetime":"2025-10-27T14:22:59.824947+00:00","extra":{}}
{"message":"Database connection established","context":{},"level":200,"level_name":"INFO","channel":"growhub","datetime":"2025-10-27T14:22:59.846846+00:00","extra":{}}
{"message":"Uncaught exception","context":{"error":"App\\Utils\\Router::post(): Argument #2 ($handler) must be of type callable, array given, called in /var/www/html/public/index.php on line 113","file":"/var/www/html/src/Utils/Router.php","line":20,"trace":"#0 /var/www/html/public/index.php(113): App\\Utils\\Router->post('/instance/conne...', Array)\n#1 {main}"},"level":500,"level_name":"CRITICAL","channel":"growhub","datetime":"2025-10-27T14:24:18.582652+00:00","extra":{}}
{"message":"Database connection established","context":{},"level":200,"level_name":"INFO","channel":"growhub","datetime":"2025-10-27T14:24:18.597637+00:00","extra":{}}
{"message":"Database connection established","context":{},"level":200,"level_name":"INFO","channel":"growhub","datetime":"2025-10-27T14:43:38.619712+00:00","extra":{}}
{"message":"Database connection established","context":{},"level":200,"level_name":"INFO","channel":"growhub","datetime":"2025-10-27T14:43:54.021962+00:00","extra":{}}
{"message":"Company created","context":{"company_id":"13","name":"Nova Empresa Teste"},"level":200,"level_name":"INFO","channel":"growhub","datetime":"2025-10-27T14:43:54.034221+00:00","extra":{}}
{"message":"PHP Error","context":{"errno":2,"error":"Undefined variable $company","file":"/var/www/html/src/Controllers/CompanyController.php","line":106},"level":400,"level_name":"ERROR","channel":"growhub","datetime":"2025-10-27T14:43:54.036770+00:00","extra":{}}
{"message":"PHP Error","context":{"errno":2,"error":"Trying to access array offset on value of type null","file":"/var/www/html/src/Controllers/CompanyController.php","line":106},"level":400,"level_name":"ERROR","channel":"growhub","datetime":"2025-10-27T14:43:54.038254+00:00","extra":{}}
{"message":"PHP Error","context":{"errno":2,"error":"Undefined variable $company","file":"/var/www/html/src/Controllers/CompanyController.php","line":107},"level":400,"level_name":"ERROR","channel":"growhub","datetime":"2025-10-27T14:43:54.039568+00:00","extra":{}}
{"message":"PHP Error","context":{"errno":2,"error":"Trying to access array offset on value of type null","file":"/var/www/html/src/Controllers/CompanyController.php","line":107},"level":400,"level_name":"ERROR","channel":"growhub","datetime":"2025-10-27T14:43:54.040860+00:00","extra":{}}
{"message":"Company created by superadmin","context":{"company_id":null,"company_name":null,"admin_id":null},"level":200,"level_name":"INFO","channel":"growhub","datetime":"2025-10-27T14:43:54.042257+00:00","extra":{}}
{"message":"PHP Error","context":{"errno":2,"error":"Undefined variable $company","file":"/var/www/html/src/Controllers/CompanyController.php","line":113},"level":400,"level_name":"ERROR","channel":"growhub","datetime":"2025-10-27T14:43:54.049370+00:00","extra":{}}
{"message":"PHP Error","context":{"errno":2,"error":"Trying to access array offset on value of type null","file":"/var/www/html/src/Controllers/CompanyController.php","line":113},"level":400,"level_name":"ERROR","channel":"growhub","datetime":"2025-10-27T14:43:54.051210+00:00","extra":{}}
{"message":"Uncaught exception","context":{"error":"App\\Services\\QueueManagerService::createCompanyQueues(): Argument #1 ($companyId) must be of type int, null given, called in /var/www/html/src/Controllers/CompanyController.php on line 113","file":"/var/www/html/src/Services/QueueManagerService.php","line":17,"trace":"#0 /var/www/html/src/Controllers/CompanyController.php(113): App\\Services\\QueueManagerService::createCompanyQueues(NULL)\n#1 [internal function]: App\\Controllers\\CompanyController::create()\n#2 /var/www/html/src/Utils/Router.php(79): call_user_func_array(Array, Array)\n#3 /var/www/html/public/index.php(247): App\\Utils\\Router->dispatch()\n#4 {main}"},"level":500,"level_name":"CRITICAL","channel":"growhub","datetime":"2025-10-27T14:43:54.052662+00:00","extra":{}}
{"message":"PHP Error","context":{"errno":2,"error":"Cannot modify header information - headers already sent by (output started at /var/www/html/src/Controllers/CompanyController.php:106)","file":"/var/www/html/src/Utils/Response.php","line":10},"level":400,"level_name":"ERROR","channel":"growhub","datetime":"2025-10-27T14:43:54.058733+00:00","extra":{}}
{"message":"Database connection established","context":{},"level":200,"level_name":"INFO","channel":"growhub","datetime":"2025-10-27T14:44:24.417907+00:00","extra":{}}
{"message":"Company created","context":{"company_id":"14","name":"Nova Empresa Teste 2"},"level":200,"level_name":"INFO","channel":"growhub","datetime":"2025-10-27T14:44:24.427148+00:00","extra":{}}
{"message":"Company created by superadmin","context":{"company_id":14,"company_name":"Nova Empresa Teste 2","admin_id":null},"level":200,"level_name":"INFO","channel":"growhub","datetime":"2025-10-27T14:44:24.431066+00:00","extra":{}}
{"message":"RabbitMQ connection established","context":{},"level":200,"level_name":"INFO","channel":"growhub","datetime":"2025-10-27T14:44:24.457555+00:00","extra":{}}
{"message":"Company queues created successfully","context":{"company_id":14},"level":200,"level_name":"INFO","channel":"growhub","datetime":"2025-10-27T14:44:24.541851+00:00","extra":{}}
{"message":"Company queues created","context":{"company_id":14},"level":200,"level_name":"INFO","channel":"growhub","datetime":"2025-10-27T14:44:24.543131+00:00","extra":{}}
{"message":"Database connection established","context":{},"level":200,"level_name":"INFO","channel":"growhub","datetime":"2025-10-27T14:44:30.436670+00:00","extra":{}}
{"message":"Database connection established","context":{},"level":200,"level_name":"INFO","channel":"growhub","datetime":"2025-10-27T14:44:38.132351+00:00","extra":{}}
{"message":"Company updated","context":{"company_id":14,"data":{"name":"Empresa Atualizada"}},"level":200,"level_name":"INFO","channel":"growhub","datetime":"2025-10-27T14:44:38.143661+00:00","extra":{}}
{"message":"Company updated by superadmin","context":{"company_id":"14","updated_fields":["name"],"admin_id":null},"level":200,"level_name":"INFO","channel":"growhub","datetime":"2025-10-27T14:44:38.145658+00:00","extra":{}}
{"message":"Database connection established","context":{},"level":200,"level_name":"INFO","channel":"growhub","datetime":"2025-10-27T14:44:44.356684+00:00","extra":{}}
{"message":"PHP Error","context":{"errno":2,"error":"Undefined array key \"name\"","file":"/var/www/html/src/Models/Company.php","line":88},"level":400,"level_name":"ERROR","channel":"growhub","datetime":"2025-10-27T14:44:44.366804+00:00","extra":{}}
{"message":"Database error updating company","context":{"error":"SQLSTATE[23502]: Not null violation: 7 ERROR:  null value in column \"name\" of relation \"companies\" violates not-null constraint\nDETAIL:  Failing row contains (14, null, 2291f754-82fa-4811-9f75-321cec7fbd3c, active, 2025-10-27 14:44:24.425176, 2025-10-27 14:44:44.368219).","id":14,"data":{"status":"deleted"}},"level":400,"level_name":"ERROR","channel":"growhub","datetime":"2025-10-27T14:44:44.369701+00:00","extra":{}}
{"message":"Company deleted by superadmin","context":{"company_id":"14","company_name":"Empresa Atualizada","admin_id":null},"level":300,"level_name":"WARNING","channel":"growhub","datetime":"2025-10-27T14:44:44.371166+00:00","extra":{}}
{"message":"PHP Error","context":{"errno":2,"error":"Cannot modify header information - headers already sent by (output started at /var/www/html/src/Models/Company.php:88)","file":"/var/www/html/src/Utils/Response.php","line":10},"level":400,"level_name":"ERROR","channel":"growhub","datetime":"2025-10-27T14:44:44.374798+00:00","extra":{}}
{"message":"Database connection established","context":{},"level":200,"level_name":"INFO","channel":"growhub","datetime":"2025-10-27T14:44:56.077711+00:00","extra":{}}
{"message":"Company updated","context":{"company_id":12,"data":{"status":"deleted"}},"level":200,"level_name":"INFO","channel":"growhub","datetime":"2025-10-27T14:44:56.087543+00:00","extra":{}}
{"message":"Company deleted by superadmin","context":{"company_id":"12","company_name":"Empresa Teste","admin_id":null},"level":300,"level_name":"WARNING","channel":"growhub","datetime":"2025-10-27T14:44:56.088972+00:00","extra":{}}
{"message":"Database connection established","context":{},"level":200,"level_name":"INFO","channel":"growhub","datetime":"2025-10-27T14:46:58.500449+00:00","extra":{}}
{"message":"Database connection established","context":{},"level":200,"level_name":"INFO","channel":"growhub","datetime":"2025-10-27T14:47:03.861209+00:00","extra":{}}
{"message":"Instance created","context":{"instance_id":"11","company_id":12,"instance_name":"vendas"},"level":200,"level_name":"INFO","channel":"growhub","datetime":"2025-10-27T14:47:03.881897+00:00","extra":{}}
{"message":"Database error getting instance by id","context":{"error":"SQLSTATE[42703]: Undefined column: 7 ERROR:  column c.email does not exist\nLINE 2:                 SELECT i.*, c.email as company_email \n                                    ^","id":11},"level":400,"level_name":"ERROR","channel":"growhub","datetime":"2025-10-27T14:47:03.884488+00:00","extra":{}}
{"message":"PHP Error","context":{"errno":2,"error":"Trying to access array offset on value of type null","file":"/var/www/html/src/Controllers/InstanceController.php","line":57},"level":400,"level_name":"ERROR","channel":"growhub","datetime":"2025-10-27T14:47:03.885690+00:00","extra":{}}
{"message":"Instance created","context":{"instance_id":null,"company_id":12,"instance_name":"vendas"},"level":200,"level_name":"INFO","channel":"growhub","datetime":"2025-10-27T14:47:03.886869+00:00","extra":{}}
{"message":"PHP Error","context":{"errno":2,"error":"Cannot modify header information - headers already sent by (output started at /var/www/html/src/Controllers/InstanceController.php:57)","file":"/var/www/html/src/Utils/Response.php","line":10},"level":400,"level_name":"ERROR","channel":"growhub","datetime":"2025-10-27T14:47:03.891206+00:00","extra":{}}
{"message":"Database connection established","context":{},"level":200,"level_name":"INFO","channel":"growhub","datetime":"2025-10-27T14:47:19.185330+00:00","extra":{}}
{"message":"Instance created","context":{"instance_id":"12","company_id":12,"instance_name":"vendas2"},"level":200,"level_name":"INFO","channel":"growhub","datetime":"2025-10-27T14:47:19.199437+00:00","extra":{}}
{"message":"Database error getting instance by id","context":{"error":"SQLSTATE[42703]: Undefined column: 7 ERROR:  column c.email does not exist\nLINE 2:                 SELECT i.*, c.email as company_email \n                                    ^","id":12},"level":400,"level_name":"ERROR","channel":"growhub","datetime":"2025-10-27T14:47:19.201725+00:00","extra":{}}
{"message":"Database connection established","context":{},"level":200,"level_name":"INFO","channel":"growhub","datetime":"2025-10-27T14:47:52.918642+00:00","extra":{}}
{"message":"Instance created","context":{"instance_id":"13","company_id":12,"instance_name":"vendas3"},"level":200,"level_name":"INFO","channel":"growhub","datetime":"2025-10-27T14:47:52.934720+00:00","extra":{}}
{"message":"Instance created","context":{"instance_id":13,"company_id":12,"instance_name":"vendas3"},"level":200,"level_name":"INFO","channel":"growhub","datetime":"2025-10-27T14:47:52.937547+00:00","extra":{}}
{"message":"Database connection established","context":{},"level":200,"level_name":"INFO","channel":"growhub","datetime":"2025-10-27T14:48:00.304394+00:00","extra":{}}
{"message":"Database connection established","context":{},"level":200,"level_name":"INFO","channel":"growhub","datetime":"2025-10-27T14:48:08.377758+00:00","extra":{}}
{"message":"Database connection established","context":{},"level":200,"level_name":"INFO","channel":"growhub","datetime":"2025-10-27T14:49:25.747307+00:00","extra":{}}
{"message":"Company updated","context":{"company_id":12,"data":{"name":"Empresa Atualizada","status":"active"}},"level":200,"level_name":"INFO","channel":"growhub","datetime":"2025-10-27T14:49:25.759521+00:00","extra":{}}
{"message":"Company updated by superadmin","context":{"company_id":12,"updated_fields":["name","status"],"admin_id":null},"level":200,"level_name":"INFO","channel":"growhub","datetime":"2025-10-27T14:49:25.762182+00:00","extra":{}}
{"message":"Database connection established","context":{},"level":200,"level_name":"INFO","channel":"growhub","datetime":"2025-10-27T14:49:55.564612+00:00","extra":{}}
{"message":"Database connection established","context":{},"level":200,"level_name":"INFO","channel":"growhub","datetime":"2025-10-27T14:52:29.803778+00:00","extra":{}}
{"message":"Instance deleted","context":{"instance_id":13},"level":200,"level_name":"INFO","channel":"growhub","datetime":"2025-10-27T14:52:29.823842+00:00","extra":{}}
{"message":"Instance deleted by company","context":{"instance_id":13,"company_id":12},"level":200,"level_name":"INFO","channel":"growhub","datetime":"2025-10-27T14:52:29.825708+00:00","extra":{}}
{"message":"Database connection established","context":{},"level":200,"level_name":"INFO","channel":"growhub","datetime":"2025-10-27T14:52:35.387969+00:00","extra":{}}
{"message":"Uncaught exception","context":{"error":"Call to undefined method App\\Utils\\Response::badRequest()","file":"/var/www/html/src/Controllers/InstanceController.php","line":366,"trace":"#0 /var/www/html/public/index.php(152): App\\Controllers\\InstanceController::deleteById('v')\n#1 [internal function]: {closure}('v')\n#2 /var/www/html/src/Utils/Router.php(79): call_user_func_array(Object(Closure), Array)\n#3 /var/www/html/public/index.php(247): App\\Utils\\Router->dispatch()\n#4 {main}"},"level":500,"level_name":"CRITICAL","channel":"growhub","datetime":"2025-10-27T14:52:35.400519+00:00","extra":{}}
{"message":"Database connection established","context":{},"level":200,"level_name":"INFO","channel":"growhub","datetime":"2025-10-27T14:52:59.750233+00:00","extra":{}}
{"message":"Database connection established","context":{},"level":200,"level_name":"INFO","channel":"growhub","datetime":"2025-10-27T14:53:06.298920+00:00","extra":{}}
{"message":"Uncaught exception","context":{"error":"Call to undefined method App\\Models\\Instance::findByToken()","file":"/var/www/html/src/Controllers/InstanceController.php","line":165,"trace":"#0 /var/www/html/public/index.php(115): App\\Controllers\\InstanceController->connect()\n#1 [internal function]: {closure}()\n#2 /var/www/html/src/Utils/Router.php(79): call_user_func_array(Object(Closure), Array)\n#3 /var/www/html/public/index.php(277): App\\Utils\\Router->dispatch()\n#4 {main}"},"level":500,"level_name":"CRITICAL","channel":"growhub","datetime":"2025-10-27T14:57:43.279171+00:00","extra":{}}
{"message":"Database connection established","context":{},"level":200,"level_name":"INFO","channel":"growhub","datetime":"2025-10-27T14:57:43.293590+00:00","extra":{}}
{"message":"Database connection established","context":{},"level":200,"level_name":"INFO","channel":"growhub","datetime":"2025-10-27T14:58:08.244192+00:00","extra":{}}
{"message":"Database error getting instance by token","context":{"error":"SQLSTATE[22P02]: Invalid text representation: 7 ERROR:  invalid input syntax for type uuid: \"Bearer 5adfa1a6-cdfc-427a-b89b-92d90fa3d53e\"\nCONTEXT:  unnamed portal parameter $1 = '...'","token":"Bearer 5..."},"level":400,"level_name":"ERROR","channel":"growhub","datetime":"2025-10-27T14:58:08.254562+00:00","extra":{}}
{"message":"Database connection established","context":{},"level":200,"level_name":"INFO","channel":"growhub","datetime":"2025-10-27T14:58:24.020095+00:00","extra":{}}
{"message":"Database connection established","context":{},"level":200,"level_name":"INFO","channel":"growhub","datetime":"2025-10-27T14:58:28.620594+00:00","extra":{}}
{"message":"Database connection established","context":{},"level":200,"level_name":"INFO","channel":"growhub","datetime":"2025-10-27T14:58:33.481335+00:00","extra":{}}
{"message":"Instance created","context":{"instance_id":"14","company_id":12,"instance_name":"teste_conexao"},"level":200,"level_name":"INFO","channel":"growhub","datetime":"2025-10-27T14:58:33.495820+00:00","extra":{}}
{"message":"Instance created","context":{"instance_id":14,"company_id":12,"instance_name":"teste_conexao"},"level":200,"level_name":"INFO","channel":"growhub","datetime":"2025-10-27T14:58:33.498852+00:00","extra":{}}
{"message":"Database connection established","context":{},"level":200,"level_name":"INFO","channel":"growhub","datetime":"2025-10-27T14:58:39.331118+00:00","extra":{}}
{"message":"Instance connect attempt","context":{"auth_header":"Bearer 5adfa1a6-cdfc-427a-b89b-92d90fa3d53e","token":"5adfa1a6-cdfc-427a-b89b-92d90fa3d53e"},"level":200,"level_name":"INFO","channel":"growhub","datetime":"2025-10-27T14:58:56.865758+00:00","extra":{}}
{"message":"Database connection established","context":{},"level":200,"level_name":"INFO","channel":"growhub","datetime":"2025-10-27T14:58:56.878164+00:00","extra":{}}
{"message":"Database connection established","context":{},"level":200,"level_name":"INFO","channel":"growhub","datetime":"2025-10-27T14:59:08.145284+00:00","extra":{}}
{"message":"Database connection established","context":{},"level":200,"level_name":"INFO","channel":"growhub","datetime":"2025-10-27T15:00:07.899095+00:00","extra":{}}
{"message":"Instance connect attempt","context":{"auth_header":"Bearer 31a35bdb-53d1-4ddb-8426-be802fa846a1","token":"31a35bdb-53d1-4ddb-8426-be802fa846a1"},"level":200,"level_name":"INFO","channel":"growhub","datetime":"2025-10-27T15:00:12.602174+00:00","extra":{}}
{"message":"Database connection established","context":{},"level":200,"level_name":"INFO","channel":"growhub","datetime":"2025-10-27T15:00:12.616658+00:00","extra":{}}
{"message":"Uncaught exception","context":{"error":"Too few arguments to function App\\Providers\\UazapiProvider::__construct(), 0 passed in /var/www/html/src/Providers/ProviderManager.php on line 18 and at least 1 expected","file":"/var/www/html/src/Providers/UazapiProvider.php","line":15,"trace":"#0 /var/www/html/src/Providers/ProviderManager.php(18): App\\Providers\\UazapiProvider->__construct()\n#1 /var/www/html/src/Controllers/InstanceController.php(180): App\\Providers\\ProviderManager::getProvider(1)\n#2 /var/www/html/public/index.php(115): App\\Controllers\\InstanceController->connect()\n#3 [internal function]: {closure}()\n#4 /var/www/html/src/Utils/Router.php(79): call_user_func_array(Object(Closure), Array)\n#5 /var/www/html/public/index.php(277): App\\Utils\\Router->dispatch()\n#6 {main}"},"level":500,"level_name":"CRITICAL","channel":"growhub","datetime":"2025-10-27T15:00:12.641723+00:00","extra":{}}
{"message":"Instance connect attempt","context":{"auth_header":"Bearer 31a35bdb-53d1-4ddb-8426-be802fa846a1","token":"31a35bdb-53d1-4ddb-8426-be802fa846a1"},"level":200,"level_name":"INFO","channel":"growhub","datetime":"2025-10-27T15:00:31.392483+00:00","extra":{}}
{"message":"Database connection established","context":{},"level":200,"level_name":"INFO","channel":"growhub","datetime":"2025-10-27T15:00:31.405356+00:00","extra":{}}
{"message":"PHP Error","context":{"errno":2,"error":"Undefined array key \"external_id\"","file":"/var/www/html/src/Controllers/InstanceController.php","line":181},"level":400,"level_name":"ERROR","channel":"growhub","datetime":"2025-10-27T15:00:31.441190+00:00","extra":{}}
{"message":"Uncaught exception","context":{"error":"App\\Providers\\UazapiProvider::connect(): Argument #1 ($externalInstanceId) must be of type string, null given, called in /var/www/html/src/Controllers/InstanceController.php on line 181","file":"/var/www/html/src/Providers/UazapiProvider.php","line":298,"trace":"#0 /var/www/html/src/Controllers/InstanceController.php(181): App\\Providers\\UazapiProvider->connect(NULL, '5511999999999')\n#1 /var/www/html/public/index.php(115): App\\Controllers\\InstanceController->connect()\n#2 [internal function]: {closure}()\n#3 /var/www/html/src/Utils/Router.php(79): call_user_func_array(Object(Closure), Array)\n#4 /var/www/html/public/index.php(277): App\\Utils\\Router->dispatch()\n#5 {main}"},"level":500,"level_name":"CRITICAL","channel":"growhub","datetime":"2025-10-27T15:00:31.443123+00:00","extra":{}}
{"message":"PHP Error","context":{"errno":2,"error":"Cannot modify header information - headers already sent by (output started at /var/www/html/src/Controllers/InstanceController.php:181)","file":"/var/www/html/src/Utils/Response.php","line":10},"level":400,"level_name":"ERROR","channel":"growhub","datetime":"2025-10-27T15:00:31.447317+00:00","extra":{}}
{"message":"Instance connect attempt","context":{"auth_header":"Bearer 31a35bdb-53d1-4ddb-8426-be802fa846a1","token":"31a35bdb-53d1-4ddb-8426-be802fa846a1"},"level":200,"level_name":"INFO","channel":"growhub","datetime":"2025-10-27T15:00:46.396485+00:00","extra":{}}
{"message":"Database connection established","context":{},"level":200,"level_name":"INFO","channel":"growhub","datetime":"2025-10-27T15:00:24.700935+00:00","extra":{}}
{"message":"UAZAPI connect failed","context":{"external_id":"teste_conexao","error":"Client error: `POST https://api.uazapi.com/instance/connect/teste_conexao` resulted in a `404 Not Found` response:\n404 page not found\n\n"},"level":400,"level_name":"ERROR","channel":"growhub","datetime":"2025-10-27T15:00:49.427900+00:00","extra":{}}
{"message":"Instance status updated","context":{"instance_id":14,"status":"connecting"},"level":200,"level_name":"INFO","channel":"growhub","datetime":"2025-10-27T15:00:49.476092+00:00","extra":{}}
{"message":"Instance connect attempt","context":{"auth_header":"Bearer 31a35bdb-53d1-4ddb-8426-be802fa846a1","token":"31a35bdb-53d1-4ddb-8426-be802fa846a1"},"level":200,"level_name":"INFO","channel":"growhub","datetime":"2025-10-27T15:00:54.352213+00:00","extra":{}}
{"message":"Database connection established","context":{},"level":200,"level_name":"INFO","channel":"growhub","datetime":"2025-10-27T15:00:54.365221+00:00","extra":{}}
{"message":"PHP Error","context":{"errno":2,"error":"Undefined array key \"external_id\"","file":"/var/www/html/src/Controllers/InstanceController.php","line":261},"level":400,"level_name":"ERROR","channel":"growhub","datetime":"2025-10-27T15:00:54.575298+00:00","extra":{}}
{"message":"Uncaught exception","context":{"error":"App\\Providers\\UazapiProvider::getStatus(): Argument #1 ($externalInstanceId) must be of type string, null given, called in /var/www/html/src/Controllers/InstanceController.php on line 261","file":"/var/www/html/src/Providers/UazapiProvider.php","line":360,"trace":"#0 /var/www/html/src/Controllers/InstanceController.php(261): App\\Providers\\UazapiProvider->getStatus(NULL)\n#1 /var/www/html/public/index.php(123): App\\Controllers\\InstanceController->status()\n#2 [internal function]: {closure}()\n#3 /var/www/html/src/Utils/Router.php(79): call_user_func_array(Object(Closure), Array)\n#4 /var/www/html/public/index.php(277): App\\Utils\\Router->dispatch()\n#5 {main}"},"level":500,"level_name":"CRITICAL","channel":"growhub","datetime":"2025-10-27T15:00:54.669552+00:00","extra":{}}
{"message":"PHP Error","context":{"errno":2,"error":"Cannot modify header information - headers already sent by (output started at /var/www/html/src/Controllers/InstanceController.php:261)","file":"/var/www/html/src/Utils/Response.php","line":10},"level":400,"level_name":"ERROR","channel":"growhub","datetime":"2025-10-27T15:00:54.793065+00:00","extra":{}}
{"message":"Instance connect attempt","context":{"auth_header":"Bearer 31a35bdb-53d1-4ddb-8426-be802fa846a1","token":"31a35bdb-53d1-4ddb-8426-be802fa846a1"},"level":200,"level_name":"INFO","channel":"growhub","datetime":"2025-10-27T15:02:00.231108+00:00","extra":{}}
{"message":"Database connection established","context":{},"level":200,"level_name":"INFO","channel":"growhub","datetime":"2025-10-27T15:02:00.243960+00:00","extra":{}}
{"message":"UAZAPI get status failed","context":{"external_id":"teste_conexao","error":"Client error: `GET https://api.uazapi.com/instance/status/teste_conexao` resulted in a `404 Not Found` response:\n404 page not found\n\n"},"level":400,"level_name":"ERROR","channel":"growhub","datetime":"2025-10-27T15:02:00.370959+00:00","extra":{}}
{"message":"Instance connect attempt","context":{"auth_header":"Bearer 31a35bdb-53d1-4ddb-8426-be802fa846a1","token":"31a35bdb-53d1-4ddb-8426-be802fa846a1"},"level":200,"level_name":"INFO","channel":"growhub","datetime":"2025-10-27T15:02:05.152375+00:00","extra":{}}
{"message":"Database connection established","context":{},"level":200,"level_name":"INFO","channel":"growhub","datetime":"2025-10-27T15:02:05.165071+00:00","extra":{}}
{"message":"UAZAPI disconnect failed","context":{"external_id":"teste_conexao","error":"Client error: `POST https://api.uazapi.com/instance/disconnect/teste_conexao` resulted in a `404 Not Found` response:\n404 page not found\n\n"},"level":400,"level_name":"ERROR","channel":"growhub","datetime":"2025-10-27T15:02:05.338696+00:00","extra":{}}
{"message":"Instance status updated","context":{"instance_id":14,"status":"disconnected"},"level":200,"level_name":"INFO","channel":"growhub","datetime":"2025-10-27T15:02:05.394465+00:00","extra":{}}
{"message":"Database connection established","context":{},"level":200,"level_name":"INFO","channel":"growhub","datetime":"2025-10-27T15:07:31.962331+00:00","extra":{}}
{"message":"Database connection established","context":{},"level":200,"level_name":"INFO","channel":"growhub","datetime":"2025-10-27T15:07:38.179629+00:00","extra":{}}
{"message":"Database error creating instance","context":{"error":"SQLSTATE[23503]: Foreign key violation: 7 ERROR:  insert or update on table \"instances\" violates foreign key constraint \"instances_provider_id_fkey\"\nDETAIL:  Key (provider_id)=(2) is not present in table \"providers\".","data":{"company_id":12,"provider_id":2,"instance_name":"teste_waha","phone_number":"5511999999999","webhook_url":"https://meuapp.com/webhook"}},"level":400,"level_name":"ERROR","channel":"growhub","datetime":"2025-10-27T15:07:38.198030+00:00","extra":{}}
{"message":"Database connection established","context":{},"level":200,"level_name":"INFO","channel":"growhub","datetime":"2025-10-27T15:07:47.467424+00:00","extra":{}}
{"message":"Database connection established","context":{},"level":200,"level_name":"INFO","channel":"growhub","datetime":"2025-10-27T15:07:53.764077+00:00","extra":{}}
{"message":"Instance created","context":{"instance_id":"16","company_id":12,"instance_name":"teste_waha"},"level":200,"level_name":"INFO","channel":"growhub","datetime":"2025-10-27T15:07:53.781043+00:00","extra":{}}
{"message":"Instance created","context":{"instance_id":16,"company_id":12,"instance_name":"teste_waha"},"level":200,"level_name":"INFO","channel":"growhub","datetime":"2025-10-27T15:07:53.784673+00:00","extra":{}}
{"message":"Database connection established","context":{},"level":200,"level_name":"INFO","channel":"growhub","datetime":"2025-10-27T15:10:06.388881+00:00","extra":{}}
{"message":"Instance connect attempt","context":{"auth_header":"Bearer c6afd5b9-a914-49d2-a758-c16b0eb2459c","token":"c6afd5b9-a914-49d2-a758-c16b0eb2459c"},"level":200,"level_name":"INFO","channel":"growhub","datetime":"2025-10-27T15:10:10.592091+00:00","extra":{}}
{"message":"Database connection established","context":{},"level":200,"level_name":"INFO","channel":"growhub","datetime":"2025-10-27T15:10:10.606729+00:00","extra":{}}
{"message":"UAZAPI connect failed","context":{"external_id":"teste_waha","error":"Client error: `POST https://api.uazapi.com/instance/connect/teste_waha` resulted in a `404 Not Found` response:\n404 page not found\n\n"},"level":400,"level_name":"ERROR","channel":"growhub","datetime":"2025-10-27T15:10:10.963130+00:00","extra":{}}
{"message":"Instance status updated","context":{"instance_id":16,"status":"connecting"},"level":200,"level_name":"INFO","channel":"growhub","datetime":"2025-10-27T15:10:10.967661+00:00","extra":{}}
{"message":"Instance connect attempt","context":{"auth_header":"Bearer c6afd5b9-a914-49d2-a758-c16b0eb2459c","token":"c6afd5b9-a914-49d2-a758-c16b0eb2459c"},"level":200,"level_name":"INFO","channel":"growhub","datetime":"2025-10-27T15:10:27.665844+00:00","extra":{}}
{"message":"Database connection established","context":{},"level":200,"level_name":"INFO","channel":"growhub","datetime":"2025-10-27T15:10:27.679617+00:00","extra":{}}
{"message":"WAHA connect failed","context":{"external_id":"teste_waha","error":"Client error: `POST http://192.168.11.160:3000/api/sessions/teste_waha/start` resulted in a `404 Not Found` response:\n{\"message\":\"Session not found\",\"error\":\"Not Found\",\"statusCode\":404}\n"},"level":400,"level_name":"ERROR","channel":"growhub","datetime":"2025-10-27T15:10:27.851103+00:00","extra":{}}
{"message":"Instance status updated","context":{"instance_id":16,"status":"connecting"},"level":200,"level_name":"INFO","channel":"growhub","datetime":"2025-10-27T15:10:27.854422+00:00","extra":{}}
{"message":"Instance connect attempt","context":{"auth_header":"Bearer c6afd5b9-a914-49d2-a758-c16b0eb2459c","token":"c6afd5b9-a914-49d2-a758-c16b0eb2459c"},"level":200,"level_name":"INFO","channel":"growhub","datetime":"2025-10-27T15:10:34.182305+00:00","extra":{}}
{"message":"Database connection established","context":{},"level":200,"level_name":"INFO","channel":"growhub","datetime":"2025-10-27T15:10:34.194325+00:00","extra":{}}
{"message":"WAHA get status failed","context":{"external_id":"teste_waha","error":"Client error: `GET http://192.168.11.160:3000/api/sessions/teste_waha/status` resulted in a `404 Not Found` response:\n{\"message\":\"Cannot GET /api/sessions/teste_waha/status\",\"error\":\"Not Found\",\"statusCode\":404}\n"},"level":400,"level_name":"ERROR","channel":"growhub","datetime":"2025-10-27T15:10:34.323320+00:00","extra":{}}
{"message":"Instance connect attempt","context":{"auth_header":"Bearer c6afd5b9-a914-49d2-a758-c16b0eb2459c","token":"c6afd5b9-a914-49d2-a758-c16b0eb2459c"},"level":200,"level_name":"INFO","channel":"growhub","datetime":"2025-10-27T15:11:58.352794+00:00","extra":{}}
{"message":"Database connection established","context":{},"level":200,"level_name":"INFO","channel":"growhub","datetime":"2025-10-27T15:11:58.366464+00:00","extra":{}}
{"message":"WAHA connect failed","context":{"external_id":"teste_waha","error":"Client error: `POST http://192.168.11.160:3000/api/sessions/teste_waha/start` resulted in a `404 Not Found` response:\n{\"message\":\"Session not found\",\"error\":\"Not Found\",\"statusCode\":404}\n"},"level":400,"level_name":"ERROR","channel":"growhub","datetime":"2025-10-27T15:11:58.516314+00:00","extra":{}}
{"message":"Instance status updated","context":{"instance_id":16,"status":"connecting"},"level":200,"level_name":"INFO","channel":"growhub","datetime":"2025-10-27T15:11:58.521306+00:00","extra":{}}
{"message":"Database connection established","context":{},"level":200,"level_name":"INFO","channel":"growhub","datetime":"2025-10-27T15:18:51.536248+00:00","extra":{}}
{"message":"Database connection established","context":{},"level":200,"level_name":"INFO","channel":"growhub","datetime":"2025-10-27T15:19:01.181940+00:00","extra":{}}
{"message":"Instance created","context":{"instance_id":"17","company_id":12,"instance_name":"teste_completo"},"level":200,"level_name":"INFO","channel":"growhub","datetime":"2025-10-27T15:19:01.198822+00:00","extra":{}}
{"message":"WAHA create instance failed","context":{"instance_name":"teste_completo","instance_id":"5511999999999","error":"Client error: `POST http://192.168.11.160:3000/api/sessions` resulted in a `400 Bad Request` response:\n{\"message\":[\"config.webhooks.0.each value in events must be one of the following values: session.status, message, messag (truncated...)\n"},"level":400,"level_name":"ERROR","channel":"growhub","datetime":"2025-10-27T15:19:01.333814+00:00","extra":{}}
{"message":"Failed to create instance in provider","context":{"instance_id":17,"provider_type":"waha","provider_result":{"success":false,"message":"Erro ao criar inst창ncia: Client error: `POST http://192.168.11.160:3000/api/sessions` resulted in a `400 Bad Request` response:\n{\"message\":[\"config.webhooks.0.each value in events must be one of the following values: session.status, message, messag (truncated...)\n"}},"level":300,"level_name":"WARNING","channel":"growhub","datetime":"2025-10-27T15:19:01.335035+00:00","extra":{}}
{"message":"Instance created","context":{"instance_id":17,"company_id":12,"instance_name":"teste_completo"},"level":200,"level_name":"INFO","channel":"growhub","datetime":"2025-10-27T15:19:01.337638+00:00","extra":{}}
{"message":"Database connection established","context":{},"level":200,"level_name":"INFO","channel":"growhub","datetime":"2025-10-27T15:19:55.462312+00:00","extra":{}}
{"message":"Instance created","context":{"instance_id":"18","company_id":12,"instance_name":"teste_webhook"},"level":200,"level_name":"INFO","channel":"growhub","datetime":"2025-10-27T15:19:55.476925+00:00","extra":{}}
{"message":"WAHA instance created","context":{"instance_name":"teste_webhook","instance_id":"5511999999999","waha_id":null},"level":200,"level_name":"INFO","channel":"growhub","datetime":"2025-10-27T15:19:55.733490+00:00","extra":{}}
{"message":"Instance status updated","context":{"instance_id":18,"status":"connected"},"level":200,"level_name":"INFO","channel":"growhub","datetime":"2025-10-27T15:19:55.736248+00:00","extra":{}}
{"message":"Instance created in provider","context":{"instance_id":18,"provider_type":"waha","provider_result":{"success":true,"message":"Inst창ncia criada com sucesso","data":{"name":"teste_webhook","status":"STOPPED","config":{"webhooks":[{"url":"https://6bce4996f62c.ngrok-free.app/webhook/waha/5511999999999","events":["session.status","message"]}]},"engine":[]}}},"level":200,"level_name":"INFO","channel":"growhub","datetime":"2025-10-27T15:19:55.737812+00:00","extra":{}}
{"message":"Instance created","context":{"instance_id":18,"company_id":12,"instance_name":"teste_webhook"},"level":200,"level_name":"INFO","channel":"growhub","datetime":"2025-10-27T15:19:55.740676+00:00","extra":{}}
{"message":"Database connection established","context":{},"level":200,"level_name":"INFO","channel":"growhub","datetime":"2025-10-27T15:20:19.756355+00:00","extra":{}}
{"message":"Instance created","context":{"instance_id":"19","company_id":12,"instance_name":"teste_webhook_correto"},"level":200,"level_name":"INFO","channel":"growhub","datetime":"2025-10-27T15:20:19.776348+00:00","extra":{}}
{"message":"WAHA instance created","context":{"instance_name":"teste_webhook_correto","instance_id":"5511999999999","waha_id":null},"level":200,"level_name":"INFO","channel":"growhub","datetime":"2025-10-27T15:20:20.001853+00:00","extra":{}}
{"message":"Instance status updated","context":{"instance_id":19,"status":"connected"},"level":200,"level_name":"INFO","channel":"growhub","datetime":"2025-10-27T15:20:20.005365+00:00","extra":{}}
{"message":"Instance created in provider","context":{"instance_id":19,"provider_type":"waha","provider_result":{"success":true,"message":"Inst창ncia criada com sucesso","data":{"name":"teste_webhook_correto","status":"STOPPED","config":{"webhooks":[{"url":"https://6bce4996f62c.ngrok-free.app/webhook/waha/5511999999999","events":["session.status","message","message.reaction","message.any","message.ack","message.revoked","message.edited","group.v2.join","group.v2.leave","group.v2.update","group.v2.participants","presence.update","poll.vote","poll.vote.failed","chat.archive","call.received","call.accepted","call.rejected","label.upsert","label.deleted","label.chat.added","label.chat.deleted","event.response","event.response.failed","engine.event"]}]},"engine":[]}}},"level":200,"level_name":"INFO","channel":"growhub","datetime":"2025-10-27T15:20:20.007085+00:00","extra":{}}
{"message":"Instance created","context":{"instance_id":19,"company_id":12,"instance_name":"teste_webhook_correto"},"level":200,"level_name":"INFO","channel":"growhub","datetime":"2025-10-27T15:20:20.010009+00:00","extra":{}}
{"message":"Instance connect attempt","context":{"auth_header":"Bearer c6afd5b9-a914-49d2-a758-c16b0eb2459c","token":"c6afd5b9-a914-49d2-a758-c16b0eb2459c"},"level":200,"level_name":"INFO","channel":"growhub","datetime":"2025-10-27T15:22:21.279625+00:00","extra":{}}
{"message":"Database connection established","context":{},"level":200,"level_name":"INFO","channel":"growhub","datetime":"2025-10-27T15:22:21.296349+00:00","extra":{}}
{"message":"WAHA connect failed","context":{"external_id":"teste_waha","error":"Client error: `POST http://192.168.11.160:3000/api/sessions/teste_waha/start` resulted in a `404 Not Found` response:\n{\"message\":\"Session not found\",\"error\":\"Not Found\",\"statusCode\":404}\n"},"level":400,"level_name":"ERROR","channel":"growhub","datetime":"2025-10-27T15:22:21.458965+00:00","extra":{}}
{"message":"Instance status updated","context":{"instance_id":16,"status":"connecting"},"level":200,"level_name":"INFO","channel":"growhub","datetime":"2025-10-27T15:22:21.473127+00:00","extra":{}}
{"message":"Database connection established","context":{},"level":200,"level_name":"INFO","channel":"growhub","datetime":"2025-10-27T15:22:52.774784+00:00","extra":{}}
{"message":"Instance connect attempt","context":{"auth_header":"Bearer 7db9594d-e652-45cf-b47b-b51f2b07b43f","token":"7db9594d-e652-45cf-b47b-b51f2b07b43f"},"level":200,"level_name":"INFO","channel":"growhub","datetime":"2025-10-27T15:25:57.054194+00:00","extra":{}}
{"message":"Database connection established","context":{},"level":200,"level_name":"INFO","channel":"growhub","datetime":"2025-10-27T15:25:57.071228+00:00","extra":{}}
{"message":"Database connection established","context":{},"level":200,"level_name":"INFO","channel":"growhub","datetime":"2025-10-27T15:26:14.958153+00:00","extra":{}}
{"message":"Database connection established","context":{},"level":200,"level_name":"INFO","channel":"growhub","datetime":"2025-10-27T15:26:23.287512+00:00","extra":{}}
{"message":"Instance connect attempt","context":{"auth_header":"Bearer 7ef837cd-efdf-4aaa-bc7c-6d430e6e6353","token":"7ef837cd-efdf-4aaa-bc7c-6d430e6e6353"},"level":200,"level_name":"INFO","channel":"growhub","datetime":"2025-10-27T15:26:36.872633+00:00","extra":{}}
{"message":"Database connection established","context":{},"level":200,"level_name":"INFO","channel":"growhub","datetime":"2025-10-27T15:26:36.887088+00:00","extra":{}}
{"message":"WAHA session started","context":{"external_id":"teste_webhook_correto","status":"STARTING"},"level":200,"level_name":"INFO","channel":"growhub","datetime":"2025-10-27T15:26:37.661785+00:00","extra":{}}
{"message":"WAHA request auth code failed","context":{"external_id":"teste_webhook_correto","phone":"5511999999999","error":"Client error: `POST http://192.168.11.160:3000/api/sessions/teste_webhook_correto/auth/request-code` resulted in a `404 Not Found` response:\n{\"message\":\"Cannot POST /api/sessions/teste_webhook_correto/auth/request-code\",\"error\":\"Not Found\",\"statusCode\":404}\n"},"level":400,"level_name":"ERROR","channel":"growhub","datetime":"2025-10-27T15:26:37.713343+00:00","extra":{}}
{"message":"Instance status updated","context":{"instance_id":19,"status":"connecting"},"level":200,"level_name":"INFO","channel":"growhub","datetime":"2025-10-27T15:26:37.717565+00:00","extra":{}}
{"message":"Instance connect attempt","context":{"auth_header":"Bearer 7ef837cd-efdf-4aaa-bc7c-6d430e6e6353","token":"7ef837cd-efdf-4aaa-bc7c-6d430e6e6353"},"level":200,"level_name":"INFO","channel":"growhub","datetime":"2025-10-27T15:26:54.698902+00:00","extra":{}}
{"message":"Database connection established","context":{},"level":200,"level_name":"INFO","channel":"growhub","datetime":"2025-10-27T15:26:54.712867+00:00","extra":{}}
{"message":"WAHA session started","context":{"external_id":"teste_webhook_correto","status":"SCAN_QR_CODE"},"level":200,"level_name":"INFO","channel":"growhub","datetime":"2025-10-27T15:26:54.878289+00:00","extra":{}}
{"message":"WAHA request auth code failed","context":{"external_id":"teste_webhook_correto","phone":"5511999999999","error":"Client error: `POST http://192.168.11.160:3000/api/sessions/teste_webhook_correto/auth/qr` resulted in a `404 Not Found` response:\n{\"message\":\"Cannot POST /api/sessions/teste_webhook_correto/auth/qr\",\"error\":\"Not Found\",\"statusCode\":404}\n"},"level":400,"level_name":"ERROR","channel":"growhub","datetime":"2025-10-27T15:26:54.926421+00:00","extra":{}}
{"message":"Instance status updated","context":{"instance_id":19,"status":"connecting"},"level":200,"level_name":"INFO","channel":"growhub","datetime":"2025-10-27T15:26:54.932053+00:00","extra":{}}
{"message":"Instance connect attempt","context":{"auth_header":"Bearer 7ef837cd-efdf-4aaa-bc7c-6d430e6e6353","token":"7ef837cd-efdf-4aaa-bc7c-6d430e6e6353"},"level":200,"level_name":"INFO","channel":"growhub","datetime":"2025-10-27T15:27:53.899008+00:00","extra":{}}
{"message":"Database connection established","context":{},"level":200,"level_name":"INFO","channel":"growhub","datetime":"2025-10-27T15:27:53.911365+00:00","extra":{}}
{"message":"WAHA session started","context":{"external_id":"teste_webhook_correto","status":"SCAN_QR_CODE"},"level":200,"level_name":"INFO","channel":"growhub","datetime":"2025-10-27T15:27:54.072644+00:00","extra":{}}
{"message":"Instance status updated","context":{"instance_id":19,"status":"connecting"},"level":200,"level_name":"INFO","channel":"growhub","datetime":"2025-10-27T15:27:54.076575+00:00","extra":{}}
{"message":"Database connection established","context":{},"level":200,"level_name":"INFO","channel":"growhub","datetime":"2025-10-27T15:40:10.340227+00:00","extra":{}}
{"message":"Database connection established","context":{},"level":200,"level_name":"INFO","channel":"growhub","datetime":"2025-10-27T16:04:39.303793+00:00","extra":{}}
{"message":"Database connection established","context":{},"level":200,"level_name":"INFO","channel":"growhub","datetime":"2025-10-27T16:04:44.766917+00:00","extra":{}}
{"message":"Admin logged in","context":{"admin_id":1,"email":"admin@growhub.com"},"level":200,"level_name":"INFO","channel":"growhub","datetime":"2025-10-27T16:04:44.820573+00:00","extra":{}}
{"message":"Database connection established","context":{},"level":200,"level_name":"INFO","channel":"growhub","datetime":"2025-10-27T16:07:10.011438+00:00","extra":{}}
{"message":"Admin logged in","context":{"admin_id":1,"email":"admin@growhub.com"},"level":200,"level_name":"INFO","channel":"growhub","datetime":"2025-10-27T16:07:10.063537+00:00","extra":{}}
{"message":"Database connection established","context":{},"level":200,"level_name":"INFO","channel":"growhub","datetime":"2025-10-27T16:07:14.258533+00:00","extra":{}}
{"message":"Company created","context":{"company_id":"16","name":"Lucas LTDA"},"level":200,"level_name":"INFO","channel":"growhub","datetime":"2025-10-27T16:07:14.267776+00:00","extra":{}}
{"message":"Company created by superadmin","context":{"company_id":16,"company_name":"Lucas LTDA","admin_id":null},"level":200,"level_name":"INFO","channel":"growhub","datetime":"2025-10-27T16:07:14.271698+00:00","extra":{}}
{"message":"RabbitMQ connection established","context":{},"level":200,"level_name":"INFO","channel":"growhub","datetime":"2025-10-27T16:07:14.297174+00:00","extra":{}}
{"message":"Company queues created successfully","context":{"company_id":16},"level":200,"level_name":"INFO","channel":"growhub","datetime":"2025-10-27T16:07:14.385883+00:00","extra":{}}
{"message":"Company queues created","context":{"company_id":16},"level":200,"level_name":"INFO","channel":"growhub","datetime":"2025-10-27T16:07:14.387264+00:00","extra":{}}
{"message":"Database connection established","context":{},"level":200,"level_name":"INFO","channel":"growhub","datetime":"2025-10-27T16:07:40.588766+00:00","extra":{}}
{"message":"Instance created","context":{"instance_id":"20","company_id":16,"instance_name":"vendas7"},"level":200,"level_name":"INFO","channel":"growhub","datetime":"2025-10-27T16:07:40.606645+00:00","extra":{}}
{"message":"WAHA instance created","context":{"instance_name":"16-vendas7","instance_id":"5511999999999","waha_id":null},"level":200,"level_name":"INFO","channel":"growhub","datetime":"2025-10-27T16:07:40.844281+00:00","extra":{}}
{"message":"Instance status updated","context":{"instance_id":20,"status":"connected"},"level":200,"level_name":"INFO","channel":"growhub","datetime":"2025-10-27T16:07:40.847625+00:00","extra":{}}
{"message":"Instance created in provider","context":{"instance_id":20,"provider_type":"waha","provider_result":{"success":true,"message":"Inst창ncia criada com sucesso","instance_id":null,"data":{"name":"16-vendas7","status":"STOPPED","config":{"webhooks":[{"url":"https://6bce4996f62c.ngrok-free.app/webhook/waha/5511999999999","events":["session.status","message","message.reaction","message.any","message.ack","message.revoked","message.edited","group.v2.join","group.v2.leave","group.v2.update","group.v2.participants","presence.update","poll.vote","poll.vote.failed","chat.archive","call.received","call.accepted","call.rejected","label.upsert","label.deleted","label.chat.added","label.chat.deleted","event.response","event.response.failed","engine.event"]}]},"engine":[]}}},"level":200,"level_name":"INFO","channel":"growhub","datetime":"2025-10-27T16:07:40.849104+00:00","extra":{}}
{"message":"Instance created","context":{"instance_id":20,"company_id":16,"instance_name":"vendas7"},"level":200,"level_name":"INFO","channel":"growhub","datetime":"2025-10-27T16:07:40.850784+00:00","extra":{}}
{"message":"Database connection established","context":{},"level":200,"level_name":"INFO","channel":"growhub","datetime":"2025-10-27T16:16:47.793765+00:00","extra":{}}
{"message":"Uncaught exception","context":{"error":"Call to undefined method App\\Models\\Company::findByToken()","file":"/var/www/html/src/Middleware/AuthMiddleware.php","line":59,"trace":"#0 /var/www/html/src/Middleware/AuthMiddleware.php(108): App\\Middleware\\AuthMiddleware::authenticate()\n#1 /var/www/html/src/Controllers/AdminController.php(181): App\\Middleware\\AuthMiddleware::requireSuperadmin()\n#2 [internal function]: App\\Controllers\\AdminController::listProviders()\n#3 /var/www/html/src/Utils/Router.php(79): call_user_func_array(Array, Array)\n#4 /var/www/html/public/index.php(277): App\\Utils\\Router->dispatch()\n#5 {main}"},"level":500,"level_name":"CRITICAL","channel":"growhub","datetime":"2025-10-27T16:16:47.805122+00:00","extra":{}}
{"message":"Database connection established","context":{},"level":200,"level_name":"INFO","channel":"growhub","datetime":"2025-10-27T16:17:05.175703+00:00","extra":{}}
{"message":"Instance created","context":{"instance_id":"21","company_id":16,"instance_name":"vendas9"},"level":200,"level_name":"INFO","channel":"growhub","datetime":"2025-10-27T16:17:05.193009+00:00","extra":{}}
{"message":"Provider found for instance creation","context":{"instance_id":21,"provider_id":1,"provider_type":"waha"},"level":200,"level_name":"INFO","channel":"growhub","datetime":"2025-10-27T16:17:05.200131+00:00","extra":{}}
{"message":"Creating instance in provider","context":{"instance_id":21,"formatted_name":"16-vendas9","provider_type":"waha"},"level":200,"level_name":"INFO","channel":"growhub","datetime":"2025-10-27T16:17:05.238452+00:00","extra":{}}
{"message":"WAHA createInstance request","context":{"instance_name":"16-vendas9","payload":{"name":"16-vendas9","config":{"webhooks":[{"url":"https://6bce4996f62c.ngrok-free.app/webhook/waha/5511999999999","events":["session.status","message","message.reaction","message.any","message.ack","message.revoked","message.edited","group.v2.join","group.v2.leave","group.v2.update","group.v2.participants","presence.update","poll.vote","poll.vote.failed","chat.archive","call.received","call.accepted","call.rejected","label.upsert","label.deleted","label.chat.added","label.chat.deleted","event.response","event.response.failed","engine.event"]}]}},"base_url":"http://192.168.11.160:3000"},"level":200,"level_name":"INFO","channel":"growhub","datetime":"2025-10-27T16:17:05.240155+00:00","extra":{}}
{"message":"WAHA createInstance response","context":{"instance_name":"16-vendas9","status_code":201,"response_body":"{\"name\":\"16-vendas9\",\"status\":\"STOPPED\",\"config\":{\"webhooks\":[{\"url\":\"https://6bce4996f62c.ngrok-free.app/webhook/waha/5511999999999\",\"events\":[\"session.status\",\"message\",\"message.reaction\",\"message.any\",\"message.ack\",\"message.revoked\",\"message.edited\",\"group.v2.join\",\"group.v2.leave\",\"group.v2.update\",\"group.v2.participants\",\"presence.update\",\"poll.vote\",\"poll.vote.failed\",\"chat.archive\",\"call.received\",\"call.accepted\",\"call.rejected\",\"label.upsert\",\"label.deleted\",\"label.chat.added\",\"label.chat.deleted\",\"event.response\",\"event.response.failed\",\"engine.event\"]}]},\"engine\":{}}","parsed_data":{"name":"16-vendas9","status":"STOPPED","config":{"webhooks":[{"url":"https://6bce4996f62c.ngrok-free.app/webhook/waha/5511999999999","events":["session.status","message","message.reaction","message.any","message.ack","message.revoked","message.edited","group.v2.join","group.v2.leave","group.v2.update","group.v2.participants","presence.update","poll.vote","poll.vote.failed","chat.archive","call.received","call.accepted","call.rejected","label.upsert","label.deleted","label.chat.added","label.chat.deleted","event.response","event.response.failed","engine.event"]}]},"engine":[]}},"level":200,"level_name":"INFO","channel":"growhub","datetime":"2025-10-27T16:17:05.425452+00:00","extra":{}}
{"message":"WAHA instance created","context":{"instance_name":"16-vendas9","instance_id":"5511999999999","waha_id":"16-vendas9"},"level":200,"level_name":"INFO","channel":"growhub","datetime":"2025-10-27T16:17:05.427713+00:00","extra":{}}
{"message":"Provider createInstance result","context":{"instance_id":21,"provider_result":{"success":true,"message":"Inst창ncia criada com sucesso","instance_id":"16-vendas9","data":{"name":"16-vendas9","status":"STOPPED","config":{"webhooks":[{"url":"https://6bce4996f62c.ngrok-free.app/webhook/waha/5511999999999","events":["session.status","message","message.reaction","message.any","message.ack","message.revoked","message.edited","group.v2.join","group.v2.leave","group.v2.update","group.v2.participants","presence.update","poll.vote","poll.vote.failed","chat.archive","call.received","call.accepted","call.rejected","label.upsert","label.deleted","label.chat.added","label.chat.deleted","event.response","event.response.failed","engine.event"]}]},"engine":[]}}},"level":200,"level_name":"INFO","channel":"growhub","datetime":"2025-10-27T16:17:05.428472+00:00","extra":{}}
{"message":"Uncaught exception","context":{"error":"Call to undefined method App\\Models\\Instance::update()","file":"/var/www/html/src/Controllers/InstanceController.php","line":98,"trace":"#0 [internal function]: App\\Controllers\\InstanceController::create()\n#1 /var/www/html/src/Utils/Router.php(79): call_user_func_array(Array, Array)\n#2 /var/www/html/public/index.php(277): App\\Utils\\Router->dispatch()\n#3 {main}"},"level":500,"level_name":"CRITICAL","channel":"growhub","datetime":"2025-10-27T16:17:05.430111+00:00","extra":{}}
{"message":"Database connection established","context":{},"level":200,"level_name":"INFO","channel":"growhub","datetime":"2025-10-27T16:18:51.513849+00:00","extra":{}}
{"message":"Admin logged in","context":{"admin_id":1,"email":"admin@growhub.com"},"level":200,"level_name":"INFO","channel":"growhub","datetime":"2025-10-27T16:18:51.565794+00:00","extra":{}}
{"message":"Database connection established","context":{},"level":200,"level_name":"INFO","channel":"growhub","datetime":"2025-10-27T16:18:55.416782+00:00","extra":{}}
{"message":"Uncaught exception","context":{"error":"Call to undefined method App\\Models\\Company::findByToken()","file":"/var/www/html/src/Middleware/AuthMiddleware.php","line":59,"trace":"#0 /var/www/html/src/Middleware/AuthMiddleware.php(108): App\\Middleware\\AuthMiddleware::authenticate()\n#1 /var/www/html/src/Controllers/AdminController.php(181): App\\Middleware\\AuthMiddleware::requireSuperadmin()\n#2 [internal function]: App\\Controllers\\AdminController::listProviders()\n#3 /var/www/html/src/Utils/Router.php(79): call_user_func_array(Array, Array)\n#4 /var/www/html/public/index.php(277): App\\Utils\\Router->dispatch()\n#5 {main}"},"level":500,"level_name":"CRITICAL","channel":"growhub","datetime":"2025-10-27T16:18:55.428621+00:00","extra":{}}
{"message":"Database connection established","context":{},"level":200,"level_name":"INFO","channel":"growhub","datetime":"2025-10-27T16:19:03.168027+00:00","extra":{}}
{"message":"Database error creating instance","context":{"error":"SQLSTATE[23505]: Unique violation: 7 ERROR:  duplicate key value violates unique constraint \"instances_company_id_instance_name_key\"\nDETAIL:  Key (company_id, instance_name)=(16, vendas9) already exists.","data":{"company_id":16,"provider_id":1,"instance_name":"vendas9","phone_number":"5511999999999","webhook_url":"https://meuapp.com/webhook"}},"level":400,"level_name":"ERROR","channel":"growhub","datetime":"2025-10-27T16:19:03.181644+00:00","extra":{}}
{"message":"Database connection established","context":{},"level":200,"level_name":"INFO","channel":"growhub","datetime":"2025-10-27T16:23:51.126244+00:00","extra":{}}
{"message":"Admin logged in","context":{"admin_id":1,"email":"admin@growhub.com"},"level":200,"level_name":"INFO","channel":"growhub","datetime":"2025-10-27T16:23:51.178904+00:00","extra":{}}
{"message":"Database connection established","context":{},"level":200,"level_name":"INFO","channel":"growhub","datetime":"2025-10-27T16:23:56.760706+00:00","extra":{}}
{"message":"Database connection established","context":{},"level":200,"level_name":"INFO","channel":"growhub","datetime":"2025-10-27T16:24:18.196967+00:00","extra":{}}
{"message":"Authentication failed - invalid token","context":{"token":"172cb04e..."},"level":300,"level_name":"WARNING","channel":"growhub","datetime":"2025-10-27T16:24:18.217471+00:00","extra":{}}
{"message":"Database connection established","context":{},"level":200,"level_name":"INFO","channel":"growhub","datetime":"2025-10-27T16:24:23.151904+00:00","extra":{}}
{"message":"Company created","context":{"company_id":"19","name":"Lucas LTDA"},"level":200,"level_name":"INFO","channel":"growhub","datetime":"2025-10-27T16:24:23.160574+00:00","extra":{}}
{"message":"Company created by superadmin","context":{"company_id":19,"company_name":"Lucas LTDA","admin_id":null},"level":200,"level_name":"INFO","channel":"growhub","datetime":"2025-10-27T16:24:23.164772+00:00","extra":{}}
{"message":"RabbitMQ connection established","context":{},"level":200,"level_name":"INFO","channel":"growhub","datetime":"2025-10-27T16:24:23.189159+00:00","extra":{}}
{"message":"Company queues created successfully","context":{"company_id":19},"level":200,"level_name":"INFO","channel":"growhub","datetime":"2025-10-27T16:24:23.273326+00:00","extra":{}}
{"message":"Company queues created","context":{"company_id":19},"level":200,"level_name":"INFO","channel":"growhub","datetime":"2025-10-27T16:24:23.274776+00:00","extra":{}}
{"message":"Database connection established","context":{},"level":200,"level_name":"INFO","channel":"growhub","datetime":"2025-10-27T16:24:27.957037+00:00","extra":{}}
{"message":"Database connection established","context":{},"level":200,"level_name":"INFO","channel":"growhub","datetime":"2025-10-27T16:24:31.186492+00:00","extra":{}}
{"message":"Database connection established","context":{},"level":200,"level_name":"INFO","channel":"growhub","datetime":"2025-10-27T16:24:33.840576+00:00","extra":{}}
{"message":"Company updated","context":{"company_id":13,"data":{"name":"Empresa Atualizada - Lucas","status":"active"}},"level":200,"level_name":"INFO","channel":"growhub","datetime":"2025-10-27T16:24:33.851141+00:00","extra":{}}
{"message":"Company updated by superadmin","context":{"company_id":13,"updated_fields":["name","status"],"admin_id":null},"level":200,"level_name":"INFO","channel":"growhub","datetime":"2025-10-27T16:24:33.852726+00:00","extra":{}}
{"message":"Database connection established","context":{},"level":200,"level_name":"INFO","channel":"growhub","datetime":"2025-10-27T16:24:39.269715+00:00","extra":{}}
{"message":"Company updated","context":{"company_id":13,"data":{"status":"deleted"}},"level":200,"level_name":"INFO","channel":"growhub","datetime":"2025-10-27T16:24:39.279862+00:00","extra":{}}
{"message":"Company deleted by superadmin","context":{"company_id":13,"company_name":"Empresa Atualizada - Lucas","admin_id":null},"level":300,"level_name":"WARNING","channel":"growhub","datetime":"2025-10-27T16:24:39.281540+00:00","extra":{}}
{"message":"Database connection established","context":{},"level":200,"level_name":"INFO","channel":"growhub","datetime":"2025-10-27T16:24:44.492603+00:00","extra":{}}
{"message":"Authentication failed - invalid token","context":{"token":"172cb04e..."},"level":300,"level_name":"WARNING","channel":"growhub","datetime":"2025-10-27T16:24:44.509767+00:00","extra":{}}
{"message":"Database connection established","context":{},"level":200,"level_name":"INFO","channel":"growhub","datetime":"2025-10-27T16:24:54.612947+00:00","extra":{}}
{"message":"Database connection established","context":{},"level":200,"level_name":"INFO","channel":"growhub","datetime":"2025-10-27T16:25:12.165566+00:00","extra":{}}
{"message":"Instance created","context":{"instance_id":"23","company_id":19,"instance_name":"vendas10"},"level":200,"level_name":"INFO","channel":"growhub","datetime":"2025-10-27T16:25:12.181683+00:00","extra":{}}
{"message":"Provider found for instance creation","context":{"instance_id":23,"provider_id":1,"provider_type":"waha"},"level":200,"level_name":"INFO","channel":"growhub","datetime":"2025-10-27T16:25:12.189126+00:00","extra":{}}
{"message":"Creating instance in provider","context":{"instance_id":23,"formatted_name":"19-vendas10","provider_type":"waha"},"level":200,"level_name":"INFO","channel":"growhub","datetime":"2025-10-27T16:25:12.233266+00:00","extra":{}}
{"message":"WAHA createInstance request","context":{"instance_name":"19-vendas10","payload":{"name":"19-vendas10","config":{"webhooks":[{"url":"https://6bce4996f62c.ngrok-free.app/webhook/waha/5511999999999","events":["session.status","message","message.reaction","message.any","message.ack","message.revoked","message.edited","group.v2.join","group.v2.leave","group.v2.update","group.v2.participants","presence.update","poll.vote","poll.vote.failed","chat.archive","call.received","call.accepted","call.rejected","label.upsert","label.deleted","label.chat.added","label.chat.deleted","event.response","event.response.failed","engine.event"]}]}},"base_url":"http://192.168.11.160:3000"},"level":200,"level_name":"INFO","channel":"growhub","datetime":"2025-10-27T16:25:12.235312+00:00","extra":{}}
{"message":"WAHA createInstance response","context":{"instance_name":"19-vendas10","status_code":201,"response_body":"{\"name\":\"19-vendas10\",\"status\":\"STOPPED\",\"config\":{\"webhooks\":[{\"url\":\"https://6bce4996f62c.ngrok-free.app/webhook/waha/5511999999999\",\"events\":[\"session.status\",\"message\",\"message.reaction\",\"message.any\",\"message.ack\",\"message.revoked\",\"message.edited\",\"group.v2.join\",\"group.v2.leave\",\"group.v2.update\",\"group.v2.participants\",\"presence.update\",\"poll.vote\",\"poll.vote.failed\",\"chat.archive\",\"call.received\",\"call.accepted\",\"call.rejected\",\"label.upsert\",\"label.deleted\",\"label.chat.added\",\"label.chat.deleted\",\"event.response\",\"event.response.failed\",\"engine.event\"]}]},\"engine\":{}}","parsed_data":{"name":"19-vendas10","status":"STOPPED","config":{"webhooks":[{"url":"https://6bce4996f62c.ngrok-free.app/webhook/waha/5511999999999","events":["session.status","message","message.reaction","message.any","message.ack","message.revoked","message.edited","group.v2.join","group.v2.leave","group.v2.update","group.v2.participants","presence.update","poll.vote","poll.vote.failed","chat.archive","call.received","call.accepted","call.rejected","label.upsert","label.deleted","label.chat.added","label.chat.deleted","event.response","event.response.failed","engine.event"]}]},"engine":[]}},"level":200,"level_name":"INFO","channel":"growhub","datetime":"2025-10-27T16:25:12.421118+00:00","extra":{}}
{"message":"WAHA instance created","context":{"instance_name":"19-vendas10","instance_id":"5511999999999","waha_id":"19-vendas10"},"level":200,"level_name":"INFO","channel":"growhub","datetime":"2025-10-27T16:25:12.422917+00:00","extra":{}}
{"message":"Provider createInstance result","context":{"instance_id":23,"provider_result":{"success":true,"message":"Inst창ncia criada com sucesso","instance_id":"19-vendas10","data":{"name":"19-vendas10","status":"STOPPED","config":{"webhooks":[{"url":"https://6bce4996f62c.ngrok-free.app/webhook/waha/5511999999999","events":["session.status","message","message.reaction","message.any","message.ack","message.revoked","message.edited","group.v2.join","group.v2.leave","group.v2.update","group.v2.participants","presence.update","poll.vote","poll.vote.failed","chat.archive","call.received","call.accepted","call.rejected","label.upsert","label.deleted","label.chat.added","label.chat.deleted","event.response","event.response.failed","engine.event"]}]},"engine":[]}}},"level":200,"level_name":"INFO","channel":"growhub","datetime":"2025-10-27T16:25:12.423554+00:00","extra":{}}
{"message":"Uncaught exception","context":{"error":"Call to undefined method App\\Models\\Instance::update()","file":"/var/www/html/src/Controllers/InstanceController.php","line":98,"trace":"#0 [internal function]: App\\Controllers\\InstanceController::create()\n#1 /var/www/html/src/Utils/Router.php(79): call_user_func_array(Array, Array)\n#2 /var/www/html/public/index.php(277): App\\Utils\\Router->dispatch()\n#3 {main}"},"level":500,"level_name":"CRITICAL","channel":"growhub","datetime":"2025-10-27T16:25:12.425285+00:00","extra":{}}
{"message":"Database connection established","context":{},"level":200,"level_name":"INFO","channel":"growhub","datetime":"2025-10-27T16:29:44.494364+00:00","extra":{}}
{"message":"Database error creating instance","context":{"error":"SQLSTATE[23505]: Unique violation: 7 ERROR:  duplicate key value violates unique constraint \"instances_company_id_instance_name_key\"\nDETAIL:  Key (company_id, instance_name)=(19, vendas10) already exists.","data":{"company_id":19,"provider_id":1,"instance_name":"vendas10","phone_number":"5511999999999","webhook_url":"https://meuapp.com/webhook"}},"level":400,"level_name":"ERROR","channel":"growhub","datetime":"2025-10-27T16:29:44.509904+00:00","extra":{}}
{"message":"Database connection established","context":{},"level":200,"level_name":"INFO","channel":"growhub","datetime":"2025-10-27T16:29:46.230524+00:00","extra":{}}
{"message":"Database error creating instance","context":{"error":"SQLSTATE[23505]: Unique violation: 7 ERROR:  duplicate key value violates unique constraint \"instances_company_id_instance_name_key\"\nDETAIL:  Key (company_id, instance_name)=(19, vendas10) already exists.","data":{"company_id":19,"provider_id":1,"instance_name":"vendas10","phone_number":"5511999999999","webhook_url":"https://meuapp.com/webhook"}},"level":400,"level_name":"ERROR","channel":"growhub","datetime":"2025-10-27T16:29:46.243967+00:00","extra":{}}
{"message":"Database connection established","context":{},"level":200,"level_name":"INFO","channel":"growhub","datetime":"2025-10-27T16:29:51.347884+00:00","extra":{}}
{"message":"Instance created","context":{"instance_id":"26","company_id":19,"instance_name":"vendas11"},"level":200,"level_name":"INFO","channel":"growhub","datetime":"2025-10-27T16:29:51.361447+00:00","extra":{}}
{"message":"Provider found for instance creation","context":{"instance_id":26,"provider_id":1,"provider_type":"waha"},"level":200,"level_name":"INFO","channel":"growhub","datetime":"2025-10-27T16:29:51.368915+00:00","extra":{}}
{"message":"Creating instance in provider","context":{"instance_id":26,"formatted_name":"19-vendas11","provider_type":"waha"},"level":200,"level_name":"INFO","channel":"growhub","datetime":"2025-10-27T16:29:51.406461+00:00","extra":{}}
{"message":"WAHA createInstance request","context":{"instance_name":"19-vendas11","payload":{"name":"19-vendas11","config":{"webhooks":[{"url":"https://6bce4996f62c.ngrok-free.app/webhook/waha/5511999999999","events":["session.status","message","message.reaction","message.any","message.ack","message.revoked","message.edited","group.v2.join","group.v2.leave","group.v2.update","group.v2.participants","presence.update","poll.vote","poll.vote.failed","chat.archive","call.received","call.accepted","call.rejected","label.upsert","label.deleted","label.chat.added","label.chat.deleted","event.response","event.response.failed","engine.event"]}]}},"base_url":"http://192.168.11.160:3000"},"level":200,"level_name":"INFO","channel":"growhub","datetime":"2025-10-27T16:29:51.408140+00:00","extra":{}}
{"message":"WAHA createInstance response","context":{"instance_name":"19-vendas11","status_code":201,"response_body":"{\"name\":\"19-vendas11\",\"status\":\"STOPPED\",\"config\":{\"webhooks\":[{\"url\":\"https://6bce4996f62c.ngrok-free.app/webhook/waha/5511999999999\",\"events\":[\"session.status\",\"message\",\"message.reaction\",\"message.any\",\"message.ack\",\"message.revoked\",\"message.edited\",\"group.v2.join\",\"group.v2.leave\",\"group.v2.update\",\"group.v2.participants\",\"presence.update\",\"poll.vote\",\"poll.vote.failed\",\"chat.archive\",\"call.received\",\"call.accepted\",\"call.rejected\",\"label.upsert\",\"label.deleted\",\"label.chat.added\",\"label.chat.deleted\",\"event.response\",\"event.response.failed\",\"engine.event\"]}]},\"engine\":{}}","parsed_data":{"name":"19-vendas11","status":"STOPPED","config":{"webhooks":[{"url":"https://6bce4996f62c.ngrok-free.app/webhook/waha/5511999999999","events":["session.status","message","message.reaction","message.any","message.ack","message.revoked","message.edited","group.v2.join","group.v2.leave","group.v2.update","group.v2.participants","presence.update","poll.vote","poll.vote.failed","chat.archive","call.received","call.accepted","call.rejected","label.upsert","label.deleted","label.chat.added","label.chat.deleted","event.response","event.response.failed","engine.event"]}]},"engine":[]}},"level":200,"level_name":"INFO","channel":"growhub","datetime":"2025-10-27T16:29:51.580484+00:00","extra":{}}
{"message":"WAHA instance created","context":{"instance_name":"19-vendas11","instance_id":"5511999999999","waha_id":"19-vendas11"},"level":200,"level_name":"INFO","channel":"growhub","datetime":"2025-10-27T16:29:51.582484+00:00","extra":{}}
{"message":"Provider createInstance result","context":{"instance_id":26,"provider_result":{"success":true,"message":"Inst창ncia criada com sucesso","instance_id":"19-vendas11","data":{"name":"19-vendas11","status":"STOPPED","config":{"webhooks":[{"url":"https://6bce4996f62c.ngrok-free.app/webhook/waha/5511999999999","events":["session.status","message","message.reaction","message.any","message.ack","message.revoked","message.edited","group.v2.join","group.v2.leave","group.v2.update","group.v2.participants","presence.update","poll.vote","poll.vote.failed","chat.archive","call.received","call.accepted","call.rejected","label.upsert","label.deleted","label.chat.added","label.chat.deleted","event.response","event.response.failed","engine.event"]}]},"engine":[]}}},"level":200,"level_name":"INFO","channel":"growhub","datetime":"2025-10-27T16:29:51.583162+00:00","extra":{}}
{"message":"Instance updated","context":{"id":26,"data":{"external_instance_id":"19-vendas11"}},"level":200,"level_name":"INFO","channel":"growhub","datetime":"2025-10-27T16:29:51.586622+00:00","extra":{}}
{"message":"Instance status updated","context":{"instance_id":26,"status":"connected"},"level":200,"level_name":"INFO","channel":"growhub","datetime":"2025-10-27T16:29:51.588936+00:00","extra":{}}
{"message":"Instance created in provider","context":{"instance_id":26,"provider_type":"waha","provider_result":{"success":true,"message":"Inst창ncia criada com sucesso","instance_id":"19-vendas11","data":{"name":"19-vendas11","status":"STOPPED","config":{"webhooks":[{"url":"https://6bce4996f62c.ngrok-free.app/webhook/waha/5511999999999","events":["session.status","message","message.reaction","message.any","message.ack","message.revoked","message.edited","group.v2.join","group.v2.leave","group.v2.update","group.v2.participants","presence.update","poll.vote","poll.vote.failed","chat.archive","call.received","call.accepted","call.rejected","label.upsert","label.deleted","label.chat.added","label.chat.deleted","event.response","event.response.failed","engine.event"]}]},"engine":[]}}},"level":200,"level_name":"INFO","channel":"growhub","datetime":"2025-10-27T16:29:51.590400+00:00","extra":{}}
{"message":"Instance created","context":{"instance_id":26,"company_id":19,"instance_name":"vendas11"},"level":200,"level_name":"INFO","channel":"growhub","datetime":"2025-10-27T16:29:51.592509+00:00","extra":{}}
{"message":"Database connection established","context":{},"level":200,"level_name":"INFO","channel":"growhub","datetime":"2025-10-27T16:30:08.261693+00:00","extra":{}}
{"message":"Database connection established","context":{},"level":200,"level_name":"INFO","channel":"growhub","datetime":"2025-10-27T16:30:33.086208+00:00","extra":{}}
{"message":"Database connection established","context":{},"level":200,"level_name":"INFO","channel":"growhub","datetime":"2025-10-27T16:31:20.636595+00:00","extra":{}}
{"message":"Instance connect attempt","context":{"auth_header":"Bearer 8a3a3bbb-4bd9-486e-a136-1e78411e51ce","token":"8a3a3bbb-4bd9-486e-a136-1e78411e51ce"},"level":200,"level_name":"INFO","channel":"growhub","datetime":"2025-10-27T16:31:34.576757+00:00","extra":{}}
{"message":"Database connection established","context":{},"level":200,"level_name":"INFO","channel":"growhub","datetime":"2025-10-27T16:31:34.588262+00:00","extra":{}}
{"message":"WAHA session started","context":{"external_id":"19-vendas11","status":"STARTING"},"level":200,"level_name":"INFO","channel":"growhub","datetime":"2025-10-27T16:31:35.192848+00:00","extra":{}}
{"message":"WAHA request auth code failed","context":{"external_id":"19-vendas11","phone":"5511999999999","error":"Client error: `GET http://192.168.11.160:3000/api/sessions/19-vendas11/auth/request-code` resulted in a `404 Not Found` response:\n{\"message\":\"Cannot GET /api/sessions/19-vendas11/auth/request-code\",\"error\":\"Not Found\",\"statusCode\":404}\n"},"level":400,"level_name":"ERROR","channel":"growhub","datetime":"2025-10-27T16:31:35.242277+00:00","extra":{}}
{"message":"Instance status updated","context":{"instance_id":26,"status":"connecting"},"level":200,"level_name":"INFO","channel":"growhub","datetime":"2025-10-27T16:31:35.245694+00:00","extra":{}}
{"message":"Instance connect attempt","context":{"auth_header":"Bearer 8a3a3bbb-4bd9-486e-a136-1e78411e51ce","token":"8a3a3bbb-4bd9-486e-a136-1e78411e51ce"},"level":200,"level_name":"INFO","channel":"growhub","datetime":"2025-10-27T16:32:56.911401+00:00","extra":{}}
{"message":"Database connection established","context":{},"level":200,"level_name":"INFO","channel":"growhub","datetime":"2025-10-27T16:32:56.928374+00:00","extra":{}}
{"message":"WAHA session started","context":{"external_id":"19-vendas11","status":"SCAN_QR_CODE"},"level":200,"level_name":"INFO","channel":"growhub","datetime":"2025-10-27T16:32:57.101943+00:00","extra":{}}
{"message":"Instance status updated","context":{"instance_id":26,"status":"connecting"},"level":200,"level_name":"INFO","channel":"growhub","datetime":"2025-10-27T16:32:57.105520+00:00","extra":{}}
{"message":"Instance connect attempt","context":{"auth_header":"Bearer 8a3a3bbb-4bd9-486e-a136-1e78411e51ce","token":"8a3a3bbb-4bd9-486e-a136-1e78411e51ce"},"level":200,"level_name":"INFO","channel":"growhub","datetime":"2025-10-27T16:33:12.741116+00:00","extra":{}}
{"message":"Database connection established","context":{},"level":200,"level_name":"INFO","channel":"growhub","datetime":"2025-10-27T16:33:12.768730+00:00","extra":{}}
{"message":"WAHA session started","context":{"external_id":"19-vendas11","status":"SCAN_QR_CODE"},"level":200,"level_name":"INFO","channel":"growhub","datetime":"2025-10-27T16:33:12.942867+00:00","extra":{}}
{"message":"Instance status updated","context":{"instance_id":26,"status":"connecting"},"level":200,"level_name":"INFO","channel":"growhub","datetime":"2025-10-27T16:33:12.946319+00:00","extra":{}}
{"message":"Instance connect attempt","context":{"auth_header":"Bearer 8a3a3bbb-4bd9-486e-a136-1e78411e51ce","token":"8a3a3bbb-4bd9-486e-a136-1e78411e51ce"},"level":200,"level_name":"INFO","channel":"growhub","datetime":"2025-10-27T16:33:32.366397+00:00","extra":{}}
{"message":"Database connection established","context":{},"level":200,"level_name":"INFO","channel":"growhub","datetime":"2025-10-27T16:33:32.377815+00:00","extra":{}}
{"message":"WAHA get QR code failed","context":{"external_id":"19-vendas11","error":"Client error: `GET http://192.168.11.160:3000/api/sessions/19-vendas11/status` resulted in a `404 Not Found` response:\n{\"message\":\"Cannot GET /api/sessions/19-vendas11/status\",\"error\":\"Not Found\",\"statusCode\":404}\n"},"level":400,"level_name":"ERROR","channel":"growhub","datetime":"2025-10-27T16:33:32.502956+00:00","extra":{}}
{"message":"Instance connect attempt","context":{"auth_header":"Bearer 8a3a3bbb-4bd9-486e-a136-1e78411e51ce","token":"8a3a3bbb-4bd9-486e-a136-1e78411e51ce"},"level":200,"level_name":"INFO","channel":"growhub","datetime":"2025-10-27T16:37:15.647822+00:00","extra":{}}
{"message":"Database connection established","context":{},"level":200,"level_name":"INFO","channel":"growhub","datetime":"2025-10-27T16:37:15.661202+00:00","extra":{}}
{"message":"WAHA session started","context":{"external_id":"19-vendas11","status":"SCAN_QR_CODE"},"level":200,"level_name":"INFO","channel":"growhub","datetime":"2025-10-27T16:37:15.816609+00:00","extra":{}}
{"message":"Instance status updated","context":{"instance_id":26,"status":"connecting"},"level":200,"level_name":"INFO","channel":"growhub","datetime":"2025-10-27T16:37:15.819988+00:00","extra":{}}
{"message":"Instance connect attempt","context":{"auth_header":"Bearer 8a3a3bbb-4bd9-486e-a136-1e78411e51ce","token":"8a3a3bbb-4bd9-486e-a136-1e78411e51ce"},"level":200,"level_name":"INFO","channel":"growhub","datetime":"2025-10-27T16:37:20.364890+00:00","extra":{}}
{"message":"Database connection established","context":{},"level":200,"level_name":"INFO","channel":"growhub","datetime":"2025-10-27T16:37:20.380215+00:00","extra":{}}
{"message":"WAHA session status checked","context":{"external_id":"19-vendas11","status":"SCAN_QR_CODE"},"level":200,"level_name":"INFO","channel":"growhub","datetime":"2025-10-27T16:37:20.522249+00:00","extra":{}}
{"message":"Session is ready for QR code scan","context":{"external_id":"19-vendas11"},"level":200,"level_name":"INFO","channel":"growhub","datetime":"2025-10-27T16:37:20.523813+00:00","extra":{}}
{"message":"Instance connect attempt","context":{"auth_header":"Bearer 8a3a3bbb-4bd9-486e-a136-1e78411e51ce","token":"8a3a3bbb-4bd9-486e-a136-1e78411e51ce"},"level":200,"level_name":"INFO","channel":"growhub","datetime":"2025-10-27T16:38:15.012336+00:00","extra":{}}
{"message":"Database connection established","context":{},"level":200,"level_name":"INFO","channel":"growhub","datetime":"2025-10-27T16:38:15.024043+00:00","extra":{}}
{"message":"WAHA session status checked","context":{"external_id":"19-vendas11","status":"SCAN_QR_CODE"},"level":200,"level_name":"INFO","channel":"growhub","datetime":"2025-10-27T16:38:15.164920+00:00","extra":{}}
{"message":"Session is ready for QR code scan","context":{"external_id":"19-vendas11"},"level":200,"level_name":"INFO","channel":"growhub","datetime":"2025-10-27T16:38:15.166641+00:00","extra":{}}
{"message":"WAHA QR code retrieved successfully","context":{"external_id":"19-vendas11","has_qr":false},"level":200,"level_name":"INFO","channel":"growhub","datetime":"2025-10-27T16:38:15.238541+00:00","extra":{}}
{"message":"Instance connect attempt","context":{"auth_header":"Bearer 8a3a3bbb-4bd9-486e-a136-1e78411e51ce","token":"8a3a3bbb-4bd9-486e-a136-1e78411e51ce"},"level":200,"level_name":"INFO","channel":"growhub","datetime":"2025-10-27T16:38:39.065770+00:00","extra":{}}
{"message":"Database connection established","context":{},"level":200,"level_name":"INFO","channel":"growhub","datetime":"2025-10-27T16:38:39.078295+00:00","extra":{}}
{"message":"WAHA session status checked","context":{"external_id":"19-vendas11","status":"SCAN_QR_CODE"},"level":200,"level_name":"INFO","channel":"growhub","datetime":"2025-10-27T16:38:39.209372+00:00","extra":{}}
{"message":"Session is ready for QR code scan","context":{"external_id":"19-vendas11"},"level":200,"level_name":"INFO","channel":"growhub","datetime":"2025-10-27T16:38:39.211073+00:00","extra":{}}
{"message":"WAHA QR code retrieved successfully","context":{"external_id":"19-vendas11","has_qr":false},"level":200,"level_name":"INFO","channel":"growhub","datetime":"2025-10-27T16:38:39.285396+00:00","extra":{}}
{"message":"Instance connect attempt","context":{"auth_header":"Bearer 8a3a3bbb-4bd9-486e-a136-1e78411e51ce","token":"8a3a3bbb-4bd9-486e-a136-1e78411e51ce"},"level":200,"level_name":"INFO","channel":"growhub","datetime":"2025-10-27T16:39:57.699318+00:00","extra":{}}
{"message":"Database connection established","context":{},"level":200,"level_name":"INFO","channel":"growhub","datetime":"2025-10-27T16:39:57.713186+00:00","extra":{}}
{"message":"WAHA session status checked","context":{"external_id":"19-vendas11","status":"SCAN_QR_CODE"},"level":200,"level_name":"INFO","channel":"growhub","datetime":"2025-10-27T16:39:57.862130+00:00","extra":{}}
{"message":"Session is ready for QR code scan","context":{"external_id":"19-vendas11"},"level":200,"level_name":"INFO","channel":"growhub","datetime":"2025-10-27T16:39:57.863880+00:00","extra":{}}
{"message":"WAHA QR code image retrieved and converted to base64","context":{"external_id":"19-vendas11","image_size":4777,"base64_size":6372},"level":200,"level_name":"INFO","channel":"growhub","datetime":"2025-10-27T16:39:57.965031+00:00","extra":{}}
{"message":"Instance connect attempt","context":{"auth_header":"Bearer 8a3a3bbb-4bd9-486e-a136-1e78411e51ce","token":"8a3a3bbb-4bd9-486e-a136-1e78411e51ce"},"level":200,"level_name":"INFO","channel":"growhub","datetime":"2025-10-27T16:40:02.338146+00:00","extra":{}}
{"message":"Database connection established","context":{},"level":200,"level_name":"INFO","channel":"growhub","datetime":"2025-10-27T16:40:02.351329+00:00","extra":{}}
{"message":"WAHA session started","context":{"external_id":"19-vendas11","status":"SCAN_QR_CODE"},"level":200,"level_name":"INFO","channel":"growhub","datetime":"2025-10-27T16:40:02.495835+00:00","extra":{}}
{"message":"WAHA QR code image retrieved for connect","context":{"external_id":"19-vendas11","image_size":4777,"base64_size":6372},"level":200,"level_name":"INFO","channel":"growhub","datetime":"2025-10-27T16:40:02.575392+00:00","extra":{}}
{"message":"Instance status updated","context":{"instance_id":26,"status":"connecting"},"level":200,"level_name":"INFO","channel":"growhub","datetime":"2025-10-27T16:40:02.578933+00:00","extra":{}}
{"message":"Instance connect attempt","context":{"auth_header":"Bearer 8a3a3bbb-4bd9-486e-a136-1e78411e51ce","token":"8a3a3bbb-4bd9-486e-a136-1e78411e51ce"},"level":200,"level_name":"INFO","channel":"growhub","datetime":"2025-10-27T16:41:26.642909+00:00","extra":{}}
{"message":"Database connection established","context":{},"level":200,"level_name":"INFO","channel":"growhub","datetime":"2025-10-27T16:41:26.661783+00:00","extra":{}}
{"message":"WAHA session status checked","context":{"external_id":"19-vendas11","status":"FAILED"},"level":200,"level_name":"INFO","channel":"growhub","datetime":"2025-10-27T16:41:26.842260+00:00","extra":{}}
{"message":"Session is FAILED, attempting restart","context":{"external_id":"19-vendas11"},"level":200,"level_name":"INFO","channel":"growhub","datetime":"2025-10-27T16:41:26.844148+00:00","extra":{}}
{"message":"Session restarted successfully","context":{"external_id":"19-vendas11","new_status":"STARTING"},"level":200,"level_name":"INFO","channel":"growhub","datetime":"2025-10-27T16:41:27.376554+00:00","extra":{}}
{"message":"Session is ready for QR code scan","context":{"external_id":"19-vendas11"},"level":200,"level_name":"INFO","channel":"growhub","datetime":"2025-10-27T16:41:29.436828+00:00","extra":{}}
{"message":"WAHA QR code image retrieved and converted to base64","context":{"external_id":"19-vendas11","image_size":4740,"base64_size":6320},"level":200,"level_name":"INFO","channel":"growhub","datetime":"2025-10-27T16:41:29.523979+00:00","extra":{}}
{"message":"Instance connect attempt","context":{"auth_header":"Bearer 8a3a3bbb-4bd9-486e-a136-1e78411e51ce","token":"8a3a3bbb-4bd9-486e-a136-1e78411e51ce"},"level":200,"level_name":"INFO","channel":"growhub","datetime":"2025-10-27T16:41:34.351267+00:00","extra":{}}
{"message":"Database connection established","context":{},"level":200,"level_name":"INFO","channel":"growhub","datetime":"2025-10-27T16:41:34.369102+00:00","extra":{}}
{"message":"WAHA session started","context":{"external_id":"19-vendas11","status":"SCAN_QR_CODE"},"level":200,"level_name":"INFO","channel":"growhub","datetime":"2025-10-27T16:41:34.529608+00:00","extra":{}}
{"message":"WAHA QR code image retrieved for connect","context":{"external_id":"19-vendas11","image_size":4740,"base64_size":6320},"level":200,"level_name":"INFO","channel":"growhub","datetime":"2025-10-27T16:41:34.616409+00:00","extra":{}}
{"message":"Instance status updated","context":{"instance_id":26,"status":"connecting"},"level":200,"level_name":"INFO","channel":"growhub","datetime":"2025-10-27T16:41:34.620321+00:00","extra":{}}
{"message":"Instance connect attempt","context":{"auth_header":"Bearer 8a3a3bbb-4bd9-486e-a136-1e78411e51ce","token":"8a3a3bbb-4bd9-486e-a136-1e78411e51ce"},"level":200,"level_name":"INFO","channel":"growhub","datetime":"2025-10-27T16:41:57.504218+00:00","extra":{}}
{"message":"Database connection established","context":{},"level":200,"level_name":"INFO","channel":"growhub","datetime":"2025-10-27T16:41:57.515916+00:00","extra":{}}
{"message":"WAHA get QR code image failed","context":{"external_id":"19-vendas11","error":"Client error: `GET http://192.168.11.160:3000/api/sessions/19-vendas11/status` resulted in a `404 Not Found` response:\n{\"message\":\"Cannot GET /api/sessions/19-vendas11/status\",\"error\":\"Not Found\",\"statusCode\":404}\n"},"level":400,"level_name":"ERROR","channel":"growhub","datetime":"2025-10-27T16:41:57.639964+00:00","extra":{}}
{"message":"PHP Error","context":{"errno":2,"error":"Trying to access array offset on value of type null","file":"/var/www/html/src/Controllers/InstanceController.php","line":411},"level":400,"level_name":"ERROR","channel":"growhub","datetime":"2025-10-27T16:41:57.641787+00:00","extra":{}}
{"message":"PHP Error","context":{"errno":8192,"error":"base64_decode(): Passing null to parameter #1 ($string) of type string is deprecated","file":"/var/www/html/src/Controllers/InstanceController.php","line":411},"level":400,"level_name":"ERROR","channel":"growhub","datetime":"2025-10-27T16:41:57.643084+00:00","extra":{}}
{"message":"Instance connect attempt","context":{"auth_header":"Bearer 8a3a3bbb-4bd9-486e-a136-1e78411e51ce","token":"8a3a3bbb-4bd9-486e-a136-1e78411e51ce"},"level":200,"level_name":"INFO","channel":"growhub","datetime":"2025-10-27T16:42:50.713937+00:00","extra":{}}
{"message":"Database connection established","context":{},"level":200,"level_name":"INFO","channel":"growhub","datetime":"2025-10-27T16:42:50.725647+00:00","extra":{}}
{"message":"WAHA session status checked for image","context":{"external_id":"19-vendas11","status":"SCAN_QR_CODE"},"level":200,"level_name":"INFO","channel":"growhub","datetime":"2025-10-27T16:42:50.856771+00:00","extra":{}}
{"message":"Session is ready for QR code image","context":{"external_id":"19-vendas11"},"level":200,"level_name":"INFO","channel":"growhub","datetime":"2025-10-27T16:42:50.858599+00:00","extra":{}}
{"message":"WAHA QR code image retrieved and converted to base64","context":{"external_id":"19-vendas11","image_size":4788,"base64_size":6384},"level":200,"level_name":"INFO","channel":"growhub","datetime":"2025-10-27T16:42:50.931361+00:00","extra":{}}
{"message":"Uncaught exception","context":{"error":"Cannot access offset of type string on string","file":"/var/www/html/src/Controllers/InstanceController.php","line":411,"trace":"#0 /var/www/html/public/index.php(131): App\\Controllers\\InstanceController->getQRCodeImage()\n#1 [internal function]: {closure}()\n#2 /var/www/html/src/Utils/Router.php(79): call_user_func_array(Object(Closure), Array)\n#3 /var/www/html/public/index.php(277): App\\Utils\\Router->dispatch()\n#4 {main}"},"level":500,"level_name":"CRITICAL","channel":"growhub","datetime":"2025-10-27T16:42:50.933215+00:00","extra":{}}
{"message":"Instance connect attempt","context":{"auth_header":"Bearer 8a3a3bbb-4bd9-486e-a136-1e78411e51ce","token":"8a3a3bbb-4bd9-486e-a136-1e78411e51ce"},"level":200,"level_name":"INFO","channel":"growhub","datetime":"2025-10-27T16:43:28.955323+00:00","extra":{}}
{"message":"Database connection established","context":{},"level":200,"level_name":"INFO","channel":"growhub","datetime":"2025-10-27T16:43:28.969464+00:00","extra":{}}
{"message":"WAHA session status checked for image","context":{"external_id":"19-vendas11","status":"SCAN_QR_CODE"},"level":200,"level_name":"INFO","channel":"growhub","datetime":"2025-10-27T16:43:29.110185+00:00","extra":{}}
{"message":"Session is ready for QR code image","context":{"external_id":"19-vendas11"},"level":200,"level_name":"INFO","channel":"growhub","datetime":"2025-10-27T16:43:29.112020+00:00","extra":{}}
{"message":"WAHA QR code image retrieved and converted to base64","context":{"external_id":"19-vendas11","image_size":4725,"base64_size":6300},"level":200,"level_name":"INFO","channel":"growhub","datetime":"2025-10-27T16:43:29.216355+00:00","extra":{}}
{"message":"Uncaught exception","context":{"error":"Cannot access offset of type string on string","file":"/var/www/html/src/Controllers/InstanceController.php","line":410,"trace":"#0 /var/www/html/public/index.php(131): App\\Controllers\\InstanceController->getQRCodeImage()\n#1 [internal function]: {closure}()\n#2 /var/www/html/src/Utils/Router.php(79): call_user_func_array(Object(Closure), Array)\n#3 /var/www/html/public/index.php(277): App\\Utils\\Router->dispatch()\n#4 {main}"},"level":500,"level_name":"CRITICAL","channel":"growhub","datetime":"2025-10-27T16:43:29.218122+00:00","extra":{}}
{"message":"Instance connect attempt","context":{"auth_header":"Bearer 8a3a3bbb-4bd9-486e-a136-1e78411e51ce","token":"8a3a3bbb-4bd9-486e-a136-1e78411e51ce"},"level":200,"level_name":"INFO","channel":"growhub","datetime":"2025-10-27T16:43:37.385577+00:00","extra":{}}
{"message":"Database connection established","context":{},"level":200,"level_name":"INFO","channel":"growhub","datetime":"2025-10-27T16:43:37.399560+00:00","extra":{}}
{"message":"Instance connect attempt","context":{"auth_header":"Bearer 8a3a3bbb-4bd9-486e-a136-1e78411e51ce","token":"8a3a3bbb-4bd9-486e-a136-1e78411e51ce"},"level":200,"level_name":"INFO","channel":"growhub","datetime":"2025-10-27T16:43:46.123036+00:00","extra":{}}
{"message":"Database connection established","context":{},"level":200,"level_name":"INFO","channel":"growhub","datetime":"2025-10-27T16:43:46.136387+00:00","extra":{}}
{"message":"WAHA session status checked for image","context":{"external_id":"19-vendas11","status":"SCAN_QR_CODE"},"level":200,"level_name":"INFO","channel":"growhub","datetime":"2025-10-27T16:43:46.276715+00:00","extra":{}}
{"message":"Session is ready for QR code image","context":{"external_id":"19-vendas11"},"level":200,"level_name":"INFO","channel":"growhub","datetime":"2025-10-27T16:43:46.278411+00:00","extra":{}}
{"message":"WAHA QR code image retrieved and converted to base64","context":{"external_id":"19-vendas11","image_size":4718,"base64_size":6292},"level":200,"level_name":"INFO","channel":"growhub","datetime":"2025-10-27T16:43:46.372786+00:00","extra":{}}
{"message":"Instance connect attempt","context":{"auth_header":"Bearer 8a3a3bbb-4bd9-486e-a136-1e78411e51ce","token":"8a3a3bbb-4bd9-486e-a136-1e78411e51ce"},"level":200,"level_name":"INFO","channel":"growhub","datetime":"2025-10-27T16:45:27.437787+00:00","extra":{}}
{"message":"Database connection established","context":{},"level":200,"level_name":"INFO","channel":"growhub","datetime":"2025-10-27T16:45:27.456249+00:00","extra":{}}
{"message":"WAHA session status checked for image","context":{"external_id":"19-vendas11","status":"FAILED"},"level":200,"level_name":"INFO","channel":"growhub","datetime":"2025-10-27T16:45:27.671753+00:00","extra":{}}
{"message":"Session is FAILED, attempting restart for image","context":{"external_id":"19-vendas11"},"level":200,"level_name":"INFO","channel":"growhub","datetime":"2025-10-27T16:45:27.723903+00:00","extra":{}}
{"message":"Session restarted successfully for image","context":{"external_id":"19-vendas11","new_status":"STARTING"},"level":200,"level_name":"INFO","channel":"growhub","datetime":"2025-10-27T16:45:28.206555+00:00","extra":{}}
{"message":"Session is ready for QR code image","context":{"external_id":"19-vendas11"},"level":200,"level_name":"INFO","channel":"growhub","datetime":"2025-10-27T16:45:30.316200+00:00","extra":{}}
{"message":"WAHA QR code image retrieved and converted to base64","context":{"external_id":"19-vendas11","image_size":4763,"base64_size":6352},"level":200,"level_name":"INFO","channel":"growhub","datetime":"2025-10-27T16:45:30.432834+00:00","extra":{}}
{"message":"Database connection established","context":{},"level":200,"level_name":"INFO","channel":"growhub","datetime":"2025-10-27T16:45:41.353812+00:00","extra":{}}
{"message":"PHP Error","context":{"errno":2,"error":"Undefined array key \"instances\"","file":"/var/www/html/src/Controllers/AdminController.php","line":317},"level":400,"level_name":"ERROR","channel":"growhub","datetime":"2025-10-27T16:45:41.544408+00:00","extra":{}}
{"message":"PHP Error","context":{"errno":2,"error":"foreach() argument must be of type array|object, null given","file":"/var/www/html/src/Controllers/AdminController.php","line":317},"level":400,"level_name":"ERROR","channel":"growhub","datetime":"2025-10-27T16:45:41.580476+00:00","extra":{}}
{"message":"PHP Error","context":{"errno":2,"error":"Cannot modify header information - headers already sent by (output started at /var/www/html/src/Controllers/AdminController.php:317)","file":"/var/www/html/src/Utils/Response.php","line":10},"level":400,"level_name":"ERROR","channel":"growhub","datetime":"2025-10-27T16:45:41.605512+00:00","extra":{}}
{"message":"Database connection established","context":{},"level":200,"level_name":"INFO","channel":"growhub","datetime":"2025-10-27T16:46:13.101093+00:00","extra":{}}
{"message":"Database connection established","context":{},"level":200,"level_name":"INFO","channel":"growhub","datetime":"2025-10-27T16:46:37.170940+00:00","extra":{}}
