{"message":"Database connection established","context":{},"level":200,"level_name":"INFO","channel":"growhub","datetime":"2025-10-26T19:27:50.865343+00:00","extra":{}}
{"message":"Admin logged in","context":{"admin_id":1,"email":"admin@growhub.com"},"level":200,"level_name":"INFO","channel":"growhub","datetime":"2025-10-26T19:27:50.922607+00:00","extra":{}}
{"message":"Database connection established","context":{},"level":200,"level_name":"INFO","channel":"growhub","datetime":"2025-10-26T19:28:02.083707+00:00","extra":{}}
{"message":"Admin logged in","context":{"admin_id":1,"email":"admin@growhub.com"},"level":200,"level_name":"INFO","channel":"growhub","datetime":"2025-10-26T19:28:02.140008+00:00","extra":{}}
{"message":"Database connection established","context":{},"level":200,"level_name":"INFO","channel":"growhub","datetime":"2025-10-26T19:28:10.131332+00:00","extra":{}}
{"message":"Registering WAHA webhook","context":{"instance_name":"1-teste_local","webhook_url":"https://6bce4996f62c.ngrok-free.app/webhook/waha/10"},"level":200,"level_name":"INFO","channel":"growhub","datetime":"2025-10-26T19:28:10.193814+00:00","extra":{}}
{"message":"WAHA instance created","context":{"instance_name":"1-teste_local","webhook_registered":true},"level":200,"level_name":"INFO","channel":"growhub","datetime":"2025-10-26T19:28:10.390279+00:00","extra":{}}
{"message":"Instance created","context":{"company_id":1,"instance_id":10},"level":200,"level_name":"INFO","channel":"growhub","datetime":"2025-10-26T19:28:10.394246+00:00","extra":{}}
{"message":"Database connection established","context":{},"level":200,"level_name":"INFO","channel":"growhub","datetime":"2025-10-26T19:28:17.248724+00:00","extra":{}}
{"message":"Database connection established","context":{},"level":200,"level_name":"INFO","channel":"growhub","datetime":"2025-10-26T19:28:23.596442+00:00","extra":{}}
{"message":"WAHA instances listed","context":{"count":4},"level":200,"level_name":"INFO","channel":"growhub","datetime":"2025-10-26T19:28:23.741420+00:00","extra":{}}
{"message":"Database connection established","context":{},"level":200,"level_name":"INFO","channel":"growhub","datetime":"2025-10-26T19:28:36.785162+00:00","extra":{}}
{"message":"Database connection established","context":{},"level":200,"level_name":"INFO","channel":"growhub","datetime":"2025-10-26T19:38:57.515215+00:00","extra":{}}
{"message":"Database connection established","context":{},"level":200,"level_name":"INFO","channel":"growhub","datetime":"2025-10-26T19:39:01.329105+00:00","extra":{}}
{"message":"Database connection established","context":{},"level":200,"level_name":"INFO","channel":"growhub","datetime":"2025-10-26T19:39:04.864740+00:00","extra":{}}
{"message":"Database connection established","context":{},"level":200,"level_name":"INFO","channel":"growhub","datetime":"2025-10-26T19:39:11.243572+00:00","extra":{}}
{"message":"WAHA session started","context":{"external_id":"1-teste_local"},"level":200,"level_name":"INFO","channel":"growhub","datetime":"2025-10-26T19:39:12.009003+00:00","extra":{}}
{"message":"Instance authentication initiated","context":{"company_id":1,"instance_id":10,"method":"qrcode"},"level":200,"level_name":"INFO","channel":"growhub","datetime":"2025-10-26T19:39:22.755457+00:00","extra":{}}
{"message":"Database connection established","context":{},"level":200,"level_name":"INFO","channel":"growhub","datetime":"2025-10-26T19:39:28.768424+00:00","extra":{}}
{"message":"Database connection established","context":{},"level":200,"level_name":"INFO","channel":"growhub","datetime":"2025-10-26T19:39:36.977106+00:00","extra":{}}
{"message":"Database connection established","context":{},"level":200,"level_name":"INFO","channel":"growhub","datetime":"2025-10-26T19:39:43.422378+00:00","extra":{}}
{"message":"Database connection established","context":{},"level":200,"level_name":"INFO","channel":"growhub","datetime":"2025-10-26T19:39:53.650437+00:00","extra":{}}
{"message":"Database connection established","context":{},"level":200,"level_name":"INFO","channel":"growhub","datetime":"2025-10-26T19:39:57.287617+00:00","extra":{}}
{"message":"Database connection established","context":{},"level":200,"level_name":"INFO","channel":"growhub","datetime":"2025-10-26T19:42:41.784264+00:00","extra":{}}
